
C:\Users\m039\AppData\Local\arduino\sketches\BA6EDAAB1FDF8B8203117C369300B344/ATtiny85TwinkleTwinkle.ino.elf:     file format elf32-avr


Disassembly of section .text:

00000000 <__vectors>:
__vectors():
   0:	0e c0       	rjmp	.+28     	; 0x1e <__ctors_end>
   2:	28 c0       	rjmp	.+80     	; 0x54 <__bad_interrupt>
   4:	27 c0       	rjmp	.+78     	; 0x54 <__bad_interrupt>
   6:	ee c0       	rjmp	.+476    	; 0x1e4 <__vector_3>
   8:	25 c0       	rjmp	.+74     	; 0x54 <__bad_interrupt>
   a:	a2 c0       	rjmp	.+324    	; 0x150 <__vector_5>
   c:	23 c0       	rjmp	.+70     	; 0x54 <__bad_interrupt>
   e:	22 c0       	rjmp	.+68     	; 0x54 <__bad_interrupt>
  10:	21 c0       	rjmp	.+66     	; 0x54 <__bad_interrupt>
  12:	20 c0       	rjmp	.+64     	; 0x54 <__bad_interrupt>
  14:	1f c0       	rjmp	.+62     	; 0x54 <__bad_interrupt>
  16:	1e c0       	rjmp	.+60     	; 0x54 <__bad_interrupt>
  18:	1d c0       	rjmp	.+58     	; 0x54 <__bad_interrupt>
  1a:	1c c0       	rjmp	.+56     	; 0x54 <__bad_interrupt>
  1c:	1b c0       	rjmp	.+54     	; 0x54 <__bad_interrupt>

0000001e <__ctors_end>:
__trampolines_start():
  1e:	11 24       	eor	r1, r1
  20:	1f be       	out	0x3f, r1	; 63
  22:	cf e5       	ldi	r28, 0x5F	; 95
  24:	d2 e0       	ldi	r29, 0x02	; 2
  26:	de bf       	out	0x3e, r29	; 62
  28:	cd bf       	out	0x3d, r28	; 61

0000002a <__do_copy_data>:
__do_copy_data():
/home/jenkins-mingw32/workspace/avr-gcc-staging/label/Ubuntu14.04x64-mingw32/gcc-build/avr/avr25/libgcc/../../../../gcc/libgcc/config/avr/lib1funcs.S:2409
  2a:	10 e0       	ldi	r17, 0x00	; 0
/home/jenkins-mingw32/workspace/avr-gcc-staging/label/Ubuntu14.04x64-mingw32/gcc-build/avr/avr25/libgcc/../../../../gcc/libgcc/config/avr/lib1funcs.S:2410
  2c:	a0 e6       	ldi	r26, 0x60	; 96
/home/jenkins-mingw32/workspace/avr-gcc-staging/label/Ubuntu14.04x64-mingw32/gcc-build/avr/avr25/libgcc/../../../../gcc/libgcc/config/avr/lib1funcs.S:2411
  2e:	b0 e0       	ldi	r27, 0x00	; 0
/home/jenkins-mingw32/workspace/avr-gcc-staging/label/Ubuntu14.04x64-mingw32/gcc-build/avr/avr25/libgcc/../../../../gcc/libgcc/config/avr/lib1funcs.S:2412
  30:	ee ec       	ldi	r30, 0xCE	; 206
/home/jenkins-mingw32/workspace/avr-gcc-staging/label/Ubuntu14.04x64-mingw32/gcc-build/avr/avr25/libgcc/../../../../gcc/libgcc/config/avr/lib1funcs.S:2413
  32:	f7 e0       	ldi	r31, 0x07	; 7
/home/jenkins-mingw32/workspace/avr-gcc-staging/label/Ubuntu14.04x64-mingw32/gcc-build/avr/avr25/libgcc/../../../../gcc/libgcc/config/avr/lib1funcs.S:2414
  34:	02 c0       	rjmp	.+4      	; 0x3a <__do_copy_data+0x10>
/home/jenkins-mingw32/workspace/avr-gcc-staging/label/Ubuntu14.04x64-mingw32/gcc-build/avr/avr25/libgcc/../../../../gcc/libgcc/config/avr/lib1funcs.S:2417
  36:	05 90       	lpm	r0, Z+
/home/jenkins-mingw32/workspace/avr-gcc-staging/label/Ubuntu14.04x64-mingw32/gcc-build/avr/avr25/libgcc/../../../../gcc/libgcc/config/avr/lib1funcs.S:2422
  38:	0d 92       	st	X+, r0
/home/jenkins-mingw32/workspace/avr-gcc-staging/label/Ubuntu14.04x64-mingw32/gcc-build/avr/avr25/libgcc/../../../../gcc/libgcc/config/avr/lib1funcs.S:2424
  3a:	a2 3a       	cpi	r26, 0xA2	; 162
/home/jenkins-mingw32/workspace/avr-gcc-staging/label/Ubuntu14.04x64-mingw32/gcc-build/avr/avr25/libgcc/../../../../gcc/libgcc/config/avr/lib1funcs.S:2425
  3c:	b1 07       	cpc	r27, r17
/home/jenkins-mingw32/workspace/avr-gcc-staging/label/Ubuntu14.04x64-mingw32/gcc-build/avr/avr25/libgcc/../../../../gcc/libgcc/config/avr/lib1funcs.S:2426
  3e:	d9 f7       	brne	.-10     	; 0x36 <__do_copy_data+0xc>

00000040 <__do_clear_bss>:
__do_clear_bss():
/home/jenkins-mingw32/workspace/avr-gcc-staging/label/Ubuntu14.04x64-mingw32/gcc-build/avr/avr25/libgcc/../../../../gcc/libgcc/config/avr/lib1funcs.S:2441
  40:	20 e0       	ldi	r18, 0x00	; 0
/home/jenkins-mingw32/workspace/avr-gcc-staging/label/Ubuntu14.04x64-mingw32/gcc-build/avr/avr25/libgcc/../../../../gcc/libgcc/config/avr/lib1funcs.S:2442
  42:	a2 ea       	ldi	r26, 0xA2	; 162
/home/jenkins-mingw32/workspace/avr-gcc-staging/label/Ubuntu14.04x64-mingw32/gcc-build/avr/avr25/libgcc/../../../../gcc/libgcc/config/avr/lib1funcs.S:2443
  44:	b0 e0       	ldi	r27, 0x00	; 0
/home/jenkins-mingw32/workspace/avr-gcc-staging/label/Ubuntu14.04x64-mingw32/gcc-build/avr/avr25/libgcc/../../../../gcc/libgcc/config/avr/lib1funcs.S:2444
  46:	01 c0       	rjmp	.+2      	; 0x4a <.do_clear_bss_start>

00000048 <.do_clear_bss_loop>:
/home/jenkins-mingw32/workspace/avr-gcc-staging/label/Ubuntu14.04x64-mingw32/gcc-build/avr/avr25/libgcc/../../../../gcc/libgcc/config/avr/lib1funcs.S:2446
  48:	1d 92       	st	X+, r1

0000004a <.do_clear_bss_start>:
/home/jenkins-mingw32/workspace/avr-gcc-staging/label/Ubuntu14.04x64-mingw32/gcc-build/avr/avr25/libgcc/../../../../gcc/libgcc/config/avr/lib1funcs.S:2448
  4a:	a6 3b       	cpi	r26, 0xB6	; 182
/home/jenkins-mingw32/workspace/avr-gcc-staging/label/Ubuntu14.04x64-mingw32/gcc-build/avr/avr25/libgcc/../../../../gcc/libgcc/config/avr/lib1funcs.S:2449
  4c:	b2 07       	cpc	r27, r18
/home/jenkins-mingw32/workspace/avr-gcc-staging/label/Ubuntu14.04x64-mingw32/gcc-build/avr/avr25/libgcc/../../../../gcc/libgcc/config/avr/lib1funcs.S:2450
  4e:	e1 f7       	brne	.-8      	; 0x48 <.do_clear_bss_loop>
.do_clear_bss_start():
  50:	2f d1       	rcall	.+606    	; 0x2b0 <main>
  52:	bb c3       	rjmp	.+1910   	; 0x7ca <_exit>

00000054 <__bad_interrupt>:
__vector_1():
  54:	d5 cf       	rjmp	.-86     	; 0x0 <__vectors>

00000056 <micros>:
micros():
C:\Users\m039\AppData\Local\Arduino15\packages\ATTinyCore\hardware\avr\1.5.2\cores\tiny/wiring.c:360
    unsigned int r; // needed for some frequencies, optimized away otherwise
    unsigned char f; // temporary storage for millis fraction counter
    unsigned char q = 0; // record whether an overflow is flagged
#endif
    unsigned long m;
    uint8_t t, oldSREG = SREG;
  56:	3f b7       	in	r19, 0x3f	; 63
C:\Users\m039\AppData\Local\Arduino15\packages\ATTinyCore\hardware\avr\1.5.2\cores\tiny/wiring.c:362

    cli();
  58:	f8 94       	cli
C:\Users\m039\AppData\Local\Arduino15\packages\ATTinyCore\hardware\avr\1.5.2\cores\tiny/wiring.c:367
#ifdef CORRECT_EXACT_MICROS
    m = millis_timer_millis;
    f = millis_timer_fract;
#else
    m = millis_timer_overflow_count;
  5a:	80 91 b2 00 	lds	r24, 0x00B2	; 0x8000b2 <millis_timer_overflow_count>
  5e:	90 91 b3 00 	lds	r25, 0x00B3	; 0x8000b3 <millis_timer_overflow_count+0x1>
  62:	a0 91 b4 00 	lds	r26, 0x00B4	; 0x8000b4 <millis_timer_overflow_count+0x2>
  66:	b0 91 b5 00 	lds	r27, 0x00B5	; 0x8000b5 <millis_timer_overflow_count+0x3>
C:\Users\m039\AppData\Local\Arduino15\packages\ATTinyCore\hardware\avr\1.5.2\cores\tiny/wiring.c:370
#endif
  #if defined(TCNT0) && (TIMER_TO_USE_FOR_MILLIS == 0) && !defined(TCW0)
    t = TCNT0;
  6a:	22 b7       	in	r18, 0x32	; 50
C:\Users\m039\AppData\Local\Arduino15\packages\ATTinyCore\hardware\avr\1.5.2\cores\tiny/wiring.c:389
      m++;
    #else
      q = 1;
    #endif
  #elif defined(TIFR) && (TIMER_TO_USE_FOR_MILLIS == 0)
    if ((TIFR & _BV(TOV0)) && (t < 255))
  6c:	08 b6       	in	r0, 0x38	; 56
  6e:	01 fe       	sbrs	r0, 1
  70:	05 c0       	rjmp	.+10     	; 0x7c <micros+0x26>
  72:	2f 3f       	cpi	r18, 0xFF	; 255
  74:	19 f0       	breq	.+6      	; 0x7c <micros+0x26>
C:\Users\m039\AppData\Local\Arduino15\packages\ATTinyCore\hardware\avr\1.5.2\cores\tiny/wiring.c:391
    #ifndef CORRECT_EXACT_MICROS
      m++;
  76:	01 96       	adiw	r24, 0x01	; 1
  78:	a1 1d       	adc	r26, r1
  7a:	b1 1d       	adc	r27, r1
C:\Users\m039\AppData\Local\Arduino15\packages\ATTinyCore\hardware\avr\1.5.2\cores\tiny/wiring.c:411
    #else
      q = 1;
    #endif
  #endif

    SREG = oldSREG;
  7c:	3f bf       	out	0x3f, r19	; 63
C:\Users\m039\AppData\Local\Arduino15\packages\ATTinyCore\hardware\avr\1.5.2\cores\tiny/wiring.c:453
  #else
  #if F_CPU < 1000000L
    return ((m << 8) + t) * MillisTimer_Prescale_Value * (1000000L/F_CPU);
  #else
    #if (MillisTimer_Prescale_Value % clockCyclesPerMicrosecond() == 0 && (F_CPU % 1000000 == 0 )) // Can we just do it the naive way? If so great!
      return ((m << 8) + t) * (MillisTimer_Prescale_Value / clockCyclesPerMicrosecond());
  7e:	ba 2f       	mov	r27, r26
  80:	a9 2f       	mov	r26, r25
  82:	98 2f       	mov	r25, r24
  84:	88 27       	eor	r24, r24
  86:	bc 01       	movw	r22, r24
  88:	cd 01       	movw	r24, r26
  8a:	62 0f       	add	r22, r18
  8c:	71 1d       	adc	r23, r1
  8e:	81 1d       	adc	r24, r1
  90:	91 1d       	adc	r25, r1
  92:	43 e0       	ldi	r20, 0x03	; 3
  94:	66 0f       	add	r22, r22
  96:	77 1f       	adc	r23, r23
  98:	88 1f       	adc	r24, r24
  9a:	99 1f       	adc	r25, r25
  9c:	4a 95       	dec	r20
  9e:	d1 f7       	brne	.-12     	; 0x94 <micros+0x3e>
C:\Users\m039\AppData\Local\Arduino15\packages\ATTinyCore\hardware\avr\1.5.2\cores\tiny/wiring.c:508
      //return ((m << 8 )/clockCyclesPerMicrosecond()* MillisTimer_Prescale_Value) + ((t+(((m<<8)%clockCyclesPerMicrosecond())) * MillisTimer_Prescale_Value / clockCyclesPerMicrosecond()));
      return ((m << 8 )/clockCyclesPerMicrosecond()* MillisTimer_Prescale_Value) + (t * MillisTimer_Prescale_Value / clockCyclesPerMicrosecond());
    #endif
  #endif
  #endif // !CORRECT_EXACT_MICROS
  }
  a0:	08 95       	ret

000000a2 <delay>:
delay():
C:\Users\m039\AppData\Local\Arduino15\packages\ATTinyCore\hardware\avr\1.5.2\cores\tiny/wiring.c:516
    // Empty
  }
  void yield(void) __attribute__ ((weak, alias("__empty")));

  void delay(unsigned long ms)
  {
  a2:	cf 92       	push	r12
  a4:	df 92       	push	r13
  a6:	ef 92       	push	r14
  a8:	ff 92       	push	r15
  aa:	cf 93       	push	r28
  ac:	df 93       	push	r29
  ae:	6b 01       	movw	r12, r22
  b0:	7c 01       	movw	r14, r24
C:\Users\m039\AppData\Local\Arduino15\packages\ATTinyCore\hardware\avr\1.5.2\cores\tiny/wiring.c:518
    #if (F_CPU>=1000000L)
    uint16_t start = (uint16_t)micros();
  b2:	d1 df       	rcall	.-94     	; 0x56 <micros>
  b4:	eb 01       	movw	r28, r22
C:\Users\m039\AppData\Local\Arduino15\packages\ATTinyCore\hardware\avr\1.5.2\cores\tiny/wiring.c:520

    while (ms > 0) {
  b6:	c1 14       	cp	r12, r1
  b8:	d1 04       	cpc	r13, r1
  ba:	e1 04       	cpc	r14, r1
  bc:	f1 04       	cpc	r15, r1
  be:	41 f4       	brne	.+16     	; 0xd0 <delay+0x2e>
  c0:	12 c0       	rjmp	.+36     	; 0xe6 <delay+0x44>
C:\Users\m039\AppData\Local\Arduino15\packages\ATTinyCore\hardware\avr\1.5.2\cores\tiny/wiring.c:523
      yield();
      while (((uint16_t)micros() - start) >= 1000 && ms) {
        ms--;
  c2:	81 e0       	ldi	r24, 0x01	; 1
  c4:	c8 1a       	sub	r12, r24
  c6:	d1 08       	sbc	r13, r1
  c8:	e1 08       	sbc	r14, r1
  ca:	f1 08       	sbc	r15, r1
C:\Users\m039\AppData\Local\Arduino15\packages\ATTinyCore\hardware\avr\1.5.2\cores\tiny/wiring.c:524
        start += 1000;
  cc:	c8 51       	subi	r28, 0x18	; 24
  ce:	dc 4f       	sbci	r29, 0xFC	; 252
C:\Users\m039\AppData\Local\Arduino15\packages\ATTinyCore\hardware\avr\1.5.2\cores\tiny/wiring.c:522
    #if (F_CPU>=1000000L)
    uint16_t start = (uint16_t)micros();

    while (ms > 0) {
      yield();
      while (((uint16_t)micros() - start) >= 1000 && ms) {
  d0:	c2 df       	rcall	.-124    	; 0x56 <micros>
  d2:	6c 1b       	sub	r22, r28
  d4:	7d 0b       	sbc	r23, r29
  d6:	68 3e       	cpi	r22, 0xE8	; 232
  d8:	73 40       	sbci	r23, 0x03	; 3
  da:	68 f3       	brcs	.-38     	; 0xb6 <delay+0x14>
  dc:	c1 14       	cp	r12, r1
  de:	d1 04       	cpc	r13, r1
  e0:	e1 04       	cpc	r14, r1
  e2:	f1 04       	cpc	r15, r1
  e4:	71 f7       	brne	.-36     	; 0xc2 <delay+0x20>
C:\Users\m039\AppData\Local\Arduino15\packages\ATTinyCore\hardware\avr\1.5.2\cores\tiny/wiring.c:532
    #else
    uint32_t start = millis();
    while((millis() - start) < ms)  /* NOP */yield();
    return;
    #endif
  }
  e6:	df 91       	pop	r29
  e8:	cf 91       	pop	r28
  ea:	ff 90       	pop	r15
  ec:	ef 90       	pop	r14
  ee:	df 90       	pop	r13
  f0:	cf 90       	pop	r12
  f2:	08 95       	ret

000000f4 <noTone(unsigned char)>:
_Z6noToneh():
C:\Users\m039\AppData\Local\Arduino15\packages\ATTinyCore\hardware\avr\1.5.2\cores\tiny/Tone.cpp:540
}


void noTone( uint8_t _pin )
{
  if ( (tone_pin != 255)
  f4:	90 91 60 00 	lds	r25, 0x0060	; 0x800060 <__DATA_REGION_ORIGIN__>
  f8:	9f 3f       	cpi	r25, 0xFF	; 255
  fa:	49 f1       	breq	.+82     	; 0x14e <noTone(unsigned char)+0x5a>
C:\Users\m039\AppData\Local\Arduino15\packages\ATTinyCore\hardware\avr\1.5.2\cores\tiny/Tone.cpp:541
        && ((tone_pin == _pin) || (_pin == 255)) )
  fc:	98 17       	cp	r25, r24
  fe:	11 f0       	breq	.+4      	; 0x104 <noTone(unsigned char)+0x10>
 100:	8f 3f       	cpi	r24, 0xFF	; 255
 102:	29 f5       	brne	.+74     	; 0x14e <noTone(unsigned char)+0x5a>
C:\Users\m039\AppData\Local\Arduino15\packages\ATTinyCore\hardware\avr\1.5.2\cores\tiny/Tone.cpp:551
        #if defined(ICIE1)
          TIMSK &= ~((1<<TOIE1) | (1<<OCIE1A) | (1<<OCIE1B) | (1<<ICIE1));
        #elif defined(OCIE1D)
          TIMSK &= ~((1<<TOIE1) | (1<<OCIE1A) | (1<<OCIE1B) | (1<<OCIE1D));
        #else
          TIMSK &= ~((1<<TOIE1) | (1<<OCIE1A) | (1<<OCIE1B));
 104:	89 b7       	in	r24, 0x39	; 57
 106:	8b 79       	andi	r24, 0x9B	; 155
 108:	89 bf       	out	0x39, r24	; 57
initToneTimer():
C:\Users\m039\AppData\Local\Arduino15\packages\ATTinyCore\hardware\avr\1.5.2\cores\tiny/wiring.c:880
      // Clear the Timer0 interrupt flags
      TIFR0 = ((1<<OCF0B) | (1<<OCF0A) | (1<<TOV0)); //no ICF0 interrupt on any supported part with TIMSK0
    #endif
  #elif (TIMER_TO_USE_FOR_TONE == 1) && defined(TCCR1)
    // Turn off Clear on Compare Match, turn off PWM A, disconnect the timer from the output pin, stop the clock
    TCCR1 = (0<<CTC1) | (0<<PWM1A) | (0<<COM1A1) | (0<<COM1A0) | (0<<CS13) | (0<<CS12) | (0<<CS11) | (0<<CS10);
 10a:	10 be       	out	0x30, r1	; 48
C:\Users\m039\AppData\Local\Arduino15\packages\ATTinyCore\hardware\avr\1.5.2\cores\tiny/wiring.c:883
    // 0 out TCCR1
    // Turn off PWM A, disconnect the timer from the output pin, no Force Output Compare Match, no Prescaler Reset
    GTCCR &= ~((1<<PWM1B) | (1<<COM1B1) | (1<<COM1B0) | (1<<FOC1B) | (1<<FOC1A) | (1<<PSR1));
 10c:	8c b5       	in	r24, 0x2c	; 44
 10e:	81 78       	andi	r24, 0x81	; 129
 110:	8c bd       	out	0x2c, r24	; 44
C:\Users\m039\AppData\Local\Arduino15\packages\ATTinyCore\hardware\avr\1.5.2\cores\tiny/wiring.c:885
    // Reset the count to zero
    TCNT1 = 0;
 112:	1f bc       	out	0x2f, r1	; 47
C:\Users\m039\AppData\Local\Arduino15\packages\ATTinyCore\hardware\avr\1.5.2\cores\tiny/wiring.c:887
    // Set the output compare registers to zero
    OCR1A = 0;
 114:	1e bc       	out	0x2e, r1	; 46
C:\Users\m039\AppData\Local\Arduino15\packages\ATTinyCore\hardware\avr\1.5.2\cores\tiny/wiring.c:888
    OCR1B = 0;
 116:	1b bc       	out	0x2b, r1	; 43
C:\Users\m039\AppData\Local\Arduino15\packages\ATTinyCore\hardware\avr\1.5.2\cores\tiny/wiring.c:889
    OCR1C = 0;
 118:	1d bc       	out	0x2d, r1	; 45
C:\Users\m039\AppData\Local\Arduino15\packages\ATTinyCore\hardware\avr\1.5.2\cores\tiny/wiring.c:891
    // Disable all Timer1 interrupts
    TIMSK &= ~((1<<OCIE1A) | (1<<OCIE1B) | (1<<TOIE1));
 11a:	89 b7       	in	r24, 0x39	; 57
 11c:	8b 79       	andi	r24, 0x9B	; 155
 11e:	89 bf       	out	0x39, r24	; 57
C:\Users\m039\AppData\Local\Arduino15\packages\ATTinyCore\hardware\avr\1.5.2\cores\tiny/wiring.c:893
    // Clear the Timer1 interrupt flags
    TIFR = ((1<<OCF1A) | (1<<OCF1B) | (1<<TOV1));
 120:	84 e6       	ldi	r24, 0x64	; 100
 122:	88 bf       	out	0x38, r24	; 56
initToneTimerInternal():
C:\Users\m039\AppData\Local\Arduino15\packages\ATTinyCore\hardware\avr\1.5.2\cores\tiny/wiring.c:958
    #elif defined(__AVR_ATtiny43__)
      TCCR1A = 3; //WGM 10=1, WGM11=1
      TCCR1B = 3; //prescaler of 64
    #elif (TIMER_TO_USE_FOR_TONE == 1) && defined(TCCR1) // ATtiny x5
      // Use the Tone Timer for fast PWM as phase correct not supported by this timer
      GTCCR = (1<<PWM1B);
 124:	80 e4       	ldi	r24, 0x40	; 64
 126:	8c bd       	out	0x2c, r24	; 44
C:\Users\m039\AppData\Local\Arduino15\packages\ATTinyCore\hardware\avr\1.5.2\cores\tiny/wiring.c:959
      OCR1C = 0xFF; //Use 255 as the top to match with the others as this module doesn't have a 8bit PWM mode.
 128:	8f ef       	ldi	r24, 0xFF	; 255
 12a:	8d bd       	out	0x2d, r24	; 45
C:\Users\m039\AppData\Local\Arduino15\packages\ATTinyCore\hardware\avr\1.5.2\cores\tiny/wiring.c:960
      TCCR1 = (1<<CTC1) | (1<<PWM1A) | (ToneTimer_Prescale_Index << CS10);
 12c:	87 ec       	ldi	r24, 0xC7	; 199
 12e:	80 bf       	out	0x30, r24	; 48
_Z6noToneh():
C:\Users\m039\AppData\Local\Arduino15\packages\ATTinyCore\hardware\avr\1.5.2\cores\tiny/Tone.cpp:570
      #endif
    #endif
    // Reinitialize the timers
    initToneTimer();
    // Set the output low
    if ( tone_timer_pin_register != NULL )
 130:	e0 91 a7 00 	lds	r30, 0x00A7	; 0x8000a7 <tone_timer_pin_register>
 134:	f0 91 a8 00 	lds	r31, 0x00A8	; 0x8000a8 <tone_timer_pin_register+0x1>
 138:	30 97       	sbiw	r30, 0x00	; 0
 13a:	31 f0       	breq	.+12     	; 0x148 <noTone(unsigned char)+0x54>
C:\Users\m039\AppData\Local\Arduino15\packages\ATTinyCore\hardware\avr\1.5.2\cores\tiny/Tone.cpp:572
    {
      *tone_timer_pin_register &= ~(tone_timer_pin_mask);
 13c:	80 91 a6 00 	lds	r24, 0x00A6	; 0x8000a6 <tone_timer_pin_mask>
 140:	90 81       	ld	r25, Z
 142:	80 95       	com	r24
 144:	89 23       	and	r24, r25
 146:	80 83       	st	Z, r24
C:\Users\m039\AppData\Local\Arduino15\packages\ATTinyCore\hardware\avr\1.5.2\cores\tiny/Tone.cpp:574
    }
    tone_pin = 255;
 148:	8f ef       	ldi	r24, 0xFF	; 255
 14a:	80 93 60 00 	sts	0x0060, r24	; 0x800060 <__DATA_REGION_ORIGIN__>
C:\Users\m039\AppData\Local\Arduino15\packages\ATTinyCore\hardware\avr\1.5.2\cores\tiny/Tone.cpp:576
  }
}
 14e:	08 95       	ret

00000150 <__vector_5>:
__vector_5():
C:\Users\m039\AppData\Local\Arduino15\packages\ATTinyCore\hardware\avr\1.5.2\cores\tiny/wiring.c:308
      #error "cannot find Millis() timer overflow vector"
    #endif
  #else
    #error "Millis() timer not defined!"
  #endif
  {
 150:	1f 92       	push	r1
 152:	0f 92       	push	r0
 154:	0f b6       	in	r0, 0x3f	; 63
 156:	0f 92       	push	r0
 158:	11 24       	eor	r1, r1
 15a:	2f 93       	push	r18
 15c:	3f 93       	push	r19
 15e:	8f 93       	push	r24
 160:	9f 93       	push	r25
 162:	af 93       	push	r26
 164:	bf 93       	push	r27
C:\Users\m039\AppData\Local\Arduino15\packages\ATTinyCore\hardware\avr\1.5.2\cores\tiny/wiring.c:311
    // copy these to local variables so they can be stored in registers
    // (volatile variables must be read from memory on every access)
    unsigned long m = millis_timer_millis;
 166:	80 91 ae 00 	lds	r24, 0x00AE	; 0x8000ae <millis_timer_millis>
 16a:	90 91 af 00 	lds	r25, 0x00AF	; 0x8000af <millis_timer_millis+0x1>
 16e:	a0 91 b0 00 	lds	r26, 0x00B0	; 0x8000b0 <millis_timer_millis+0x2>
 172:	b0 91 b1 00 	lds	r27, 0x00B1	; 0x8000b1 <millis_timer_millis+0x3>
C:\Users\m039\AppData\Local\Arduino15\packages\ATTinyCore\hardware\avr\1.5.2\cores\tiny/wiring.c:312
    unsigned char f = millis_timer_fract;
 176:	30 91 ad 00 	lds	r19, 0x00AD	; 0x8000ad <millis_timer_fract>
C:\Users\m039\AppData\Local\Arduino15\packages\ATTinyCore\hardware\avr\1.5.2\cores\tiny/wiring.c:319
    static unsigned char correct_exact = 0;     // rollover intended
    if (++correct_exact < CORRECT_EXACT_MANY) {
      ++f;
    }
#endif
    f += FRACT_INC;
 17a:	26 e0       	ldi	r18, 0x06	; 6
 17c:	23 0f       	add	r18, r19
C:\Users\m039\AppData\Local\Arduino15\packages\ATTinyCore\hardware\avr\1.5.2\cores\tiny/wiring.c:321

    if (f >= FRACT_MAX)
 17e:	2d 37       	cpi	r18, 0x7D	; 125
 180:	68 f1       	brcs	.+90     	; 0x1dc <__vector_5+0x8c>
C:\Users\m039\AppData\Local\Arduino15\packages\ATTinyCore\hardware\avr\1.5.2\cores\tiny/wiring.c:323
    {
      f -= FRACT_MAX;
 182:	29 e8       	ldi	r18, 0x89	; 137
 184:	23 0f       	add	r18, r19
C:\Users\m039\AppData\Local\Arduino15\packages\ATTinyCore\hardware\avr\1.5.2\cores\tiny/wiring.c:324
      m += MILLIS_INC + 1;
 186:	03 96       	adiw	r24, 0x03	; 3
 188:	a1 1d       	adc	r26, r1
 18a:	b1 1d       	adc	r27, r1
C:\Users\m039\AppData\Local\Arduino15\packages\ATTinyCore\hardware\avr\1.5.2\cores\tiny/wiring.c:331
    else
    {
      m += MILLIS_INC;
    }

    millis_timer_fract = f;
 18c:	20 93 ad 00 	sts	0x00AD, r18	; 0x8000ad <millis_timer_fract>
C:\Users\m039\AppData\Local\Arduino15\packages\ATTinyCore\hardware\avr\1.5.2\cores\tiny/wiring.c:332
    millis_timer_millis = m;
 190:	80 93 ae 00 	sts	0x00AE, r24	; 0x8000ae <millis_timer_millis>
 194:	90 93 af 00 	sts	0x00AF, r25	; 0x8000af <millis_timer_millis+0x1>
 198:	a0 93 b0 00 	sts	0x00B0, r26	; 0x8000b0 <millis_timer_millis+0x2>
 19c:	b0 93 b1 00 	sts	0x00B1, r27	; 0x8000b1 <millis_timer_millis+0x3>
C:\Users\m039\AppData\Local\Arduino15\packages\ATTinyCore\hardware\avr\1.5.2\cores\tiny/wiring.c:334
#ifndef CORRECT_EXACT_MICROS
    millis_timer_overflow_count++;
 1a0:	80 91 b2 00 	lds	r24, 0x00B2	; 0x8000b2 <millis_timer_overflow_count>
 1a4:	90 91 b3 00 	lds	r25, 0x00B3	; 0x8000b3 <millis_timer_overflow_count+0x1>
 1a8:	a0 91 b4 00 	lds	r26, 0x00B4	; 0x8000b4 <millis_timer_overflow_count+0x2>
 1ac:	b0 91 b5 00 	lds	r27, 0x00B5	; 0x8000b5 <millis_timer_overflow_count+0x3>
 1b0:	01 96       	adiw	r24, 0x01	; 1
 1b2:	a1 1d       	adc	r26, r1
 1b4:	b1 1d       	adc	r27, r1
 1b6:	80 93 b2 00 	sts	0x00B2, r24	; 0x8000b2 <millis_timer_overflow_count>
 1ba:	90 93 b3 00 	sts	0x00B3, r25	; 0x8000b3 <millis_timer_overflow_count+0x1>
 1be:	a0 93 b4 00 	sts	0x00B4, r26	; 0x8000b4 <millis_timer_overflow_count+0x2>
 1c2:	b0 93 b5 00 	sts	0x00B5, r27	; 0x8000b5 <millis_timer_overflow_count+0x3>
C:\Users\m039\AppData\Local\Arduino15\packages\ATTinyCore\hardware\avr\1.5.2\cores\tiny/wiring.c:336
#endif
  }
 1c6:	bf 91       	pop	r27
 1c8:	af 91       	pop	r26
 1ca:	9f 91       	pop	r25
 1cc:	8f 91       	pop	r24
 1ce:	3f 91       	pop	r19
 1d0:	2f 91       	pop	r18
 1d2:	0f 90       	pop	r0
 1d4:	0f be       	out	0x3f, r0	; 63
 1d6:	0f 90       	pop	r0
 1d8:	1f 90       	pop	r1
 1da:	18 95       	reti
C:\Users\m039\AppData\Local\Arduino15\packages\ATTinyCore\hardware\avr\1.5.2\cores\tiny/wiring.c:328
      f -= FRACT_MAX;
      m += MILLIS_INC + 1;
    }
    else
    {
      m += MILLIS_INC;
 1dc:	02 96       	adiw	r24, 0x02	; 2
 1de:	a1 1d       	adc	r26, r1
 1e0:	b1 1d       	adc	r27, r1
 1e2:	d4 cf       	rjmp	.-88     	; 0x18c <__vector_5+0x3c>

000001e4 <__vector_3>:
__vector_3():
C:\Users\m039\AppData\Local\Arduino15\packages\ATTinyCore\hardware\avr\1.5.2\cores\tiny/Tone.cpp:586
#elif (TIMER_TO_USE_FOR_TONE == 1)
  ISR(TIMER1_COMPA_vect)
#else
  #error Tone timer Overflow vector not defined!
#endif
{
 1e4:	1f 92       	push	r1
 1e6:	0f 92       	push	r0
 1e8:	0f b6       	in	r0, 0x3f	; 63
 1ea:	0f 92       	push	r0
 1ec:	11 24       	eor	r1, r1
 1ee:	2f 93       	push	r18
 1f0:	3f 93       	push	r19
 1f2:	4f 93       	push	r20
 1f4:	5f 93       	push	r21
 1f6:	6f 93       	push	r22
 1f8:	7f 93       	push	r23
 1fa:	8f 93       	push	r24
 1fc:	9f 93       	push	r25
 1fe:	af 93       	push	r26
 200:	bf 93       	push	r27
 202:	ef 93       	push	r30
 204:	ff 93       	push	r31
C:\Users\m039\AppData\Local\Arduino15\packages\ATTinyCore\hardware\avr\1.5.2\cores\tiny/Tone.cpp:587
  if ( tone_timer_toggle_count != 0 )
 206:	80 91 a2 00 	lds	r24, 0x00A2	; 0x8000a2 <__data_end>
 20a:	90 91 a3 00 	lds	r25, 0x00A3	; 0x8000a3 <__data_end+0x1>
 20e:	a0 91 a4 00 	lds	r26, 0x00A4	; 0x8000a4 <__data_end+0x2>
 212:	b0 91 a5 00 	lds	r27, 0x00A5	; 0x8000a5 <__data_end+0x3>
 216:	89 2b       	or	r24, r25
 218:	8a 2b       	or	r24, r26
 21a:	8b 2b       	or	r24, r27
 21c:	61 f1       	breq	.+88     	; 0x276 <__stack+0x17>
C:\Users\m039\AppData\Local\Arduino15\packages\ATTinyCore\hardware\avr\1.5.2\cores\tiny/Tone.cpp:589
  {
    if ( tone_timer_toggle_count > 0 )
 21e:	80 91 a2 00 	lds	r24, 0x00A2	; 0x8000a2 <__data_end>
 222:	90 91 a3 00 	lds	r25, 0x00A3	; 0x8000a3 <__data_end+0x1>
 226:	a0 91 a4 00 	lds	r26, 0x00A4	; 0x8000a4 <__data_end+0x2>
 22a:	b0 91 a5 00 	lds	r27, 0x00A5	; 0x8000a5 <__data_end+0x3>
 22e:	18 16       	cp	r1, r24
 230:	19 06       	cpc	r1, r25
 232:	1a 06       	cpc	r1, r26
 234:	1b 06       	cpc	r1, r27
 236:	94 f5       	brge	.+100    	; 0x29c <__stack+0x3d>
C:\Users\m039\AppData\Local\Arduino15\packages\ATTinyCore\hardware\avr\1.5.2\cores\tiny/Tone.cpp:591
    {
      --tone_timer_toggle_count;
 238:	80 91 a2 00 	lds	r24, 0x00A2	; 0x8000a2 <__data_end>
 23c:	90 91 a3 00 	lds	r25, 0x00A3	; 0x8000a3 <__data_end+0x1>
 240:	a0 91 a4 00 	lds	r26, 0x00A4	; 0x8000a4 <__data_end+0x2>
 244:	b0 91 a5 00 	lds	r27, 0x00A5	; 0x8000a5 <__data_end+0x3>
 248:	01 97       	sbiw	r24, 0x01	; 1
 24a:	a1 09       	sbc	r26, r1
 24c:	b1 09       	sbc	r27, r1
 24e:	80 93 a2 00 	sts	0x00A2, r24	; 0x8000a2 <__data_end>
 252:	90 93 a3 00 	sts	0x00A3, r25	; 0x8000a3 <__data_end+0x1>
 256:	a0 93 a4 00 	sts	0x00A4, r26	; 0x8000a4 <__data_end+0x2>
 25a:	b0 93 a5 00 	sts	0x00A5, r27	; 0x8000a5 <__data_end+0x3>
C:\Users\m039\AppData\Local\Arduino15\packages\ATTinyCore\hardware\avr\1.5.2\cores\tiny/Tone.cpp:593

      if ( tone_timer_toggle_count == 0 )
 25e:	80 91 a2 00 	lds	r24, 0x00A2	; 0x8000a2 <__data_end>
 262:	90 91 a3 00 	lds	r25, 0x00A3	; 0x8000a3 <__data_end+0x1>
 266:	a0 91 a4 00 	lds	r26, 0x00A4	; 0x8000a4 <__data_end+0x2>
 26a:	b0 91 a5 00 	lds	r27, 0x00A5	; 0x8000a5 <__data_end+0x3>
 26e:	89 2b       	or	r24, r25
 270:	8a 2b       	or	r24, r26
 272:	8b 2b       	or	r24, r27
 274:	99 f4       	brne	.+38     	; 0x29c <__stack+0x3d>
C:\Users\m039\AppData\Local\Arduino15\packages\ATTinyCore\hardware\avr\1.5.2\cores\tiny/Tone.cpp:596
      {
        // Shutdown the hardware
        noTone( 255 );
 276:	8f ef       	ldi	r24, 0xFF	; 255
 278:	3d df       	rcall	.-390    	; 0xf4 <noTone(unsigned char)>
C:\Users\m039\AppData\Local\Arduino15\packages\ATTinyCore\hardware\avr\1.5.2\cores\tiny/Tone.cpp:609
  else
  {
    // Shutdown the hardware
    noTone( 255 );
  }
}
 27a:	ff 91       	pop	r31
 27c:	ef 91       	pop	r30
 27e:	bf 91       	pop	r27
 280:	af 91       	pop	r26
 282:	9f 91       	pop	r25
 284:	8f 91       	pop	r24
 286:	7f 91       	pop	r23
 288:	6f 91       	pop	r22
 28a:	5f 91       	pop	r21
 28c:	4f 91       	pop	r20
 28e:	3f 91       	pop	r19
 290:	2f 91       	pop	r18
 292:	0f 90       	pop	r0
 294:	0f be       	out	0x3f, r0	; 63
 296:	0f 90       	pop	r0
 298:	1f 90       	pop	r1
 29a:	18 95       	reti
C:\Users\m039\AppData\Local\Arduino15\packages\ATTinyCore\hardware\avr\1.5.2\cores\tiny/Tone.cpp:602

        // Skip the rest.  We're finished.
        return;
      }
    }
    *tone_timer_pin_register ^= tone_timer_pin_mask;
 29c:	90 91 a6 00 	lds	r25, 0x00A6	; 0x8000a6 <tone_timer_pin_mask>
 2a0:	e0 91 a7 00 	lds	r30, 0x00A7	; 0x8000a7 <tone_timer_pin_register>
 2a4:	f0 91 a8 00 	lds	r31, 0x00A8	; 0x8000a8 <tone_timer_pin_register+0x1>
 2a8:	80 81       	ld	r24, Z
 2aa:	89 27       	eor	r24, r25
 2ac:	80 83       	st	Z, r24
 2ae:	e5 cf       	rjmp	.-54     	; 0x27a <__stack+0x1b>

000002b0 <main>:
main():
C:\Users\m039\AppData\Local\Arduino15\packages\ATTinyCore\hardware\avr\1.5.2\cores\tiny/main.cpp:4
#include <Arduino.h>

int main(void)
{
 2b0:	cf 93       	push	r28
 2b2:	df 93       	push	r29
 2b4:	00 d0       	rcall	.+0      	; 0x2b6 <main+0x6>
 2b6:	00 d0       	rcall	.+0      	; 0x2b8 <main+0x8>
 2b8:	cd b7       	in	r28, 0x3d	; 61
 2ba:	de b7       	in	r29, 0x3e	; 62
init():
C:\Users\m039\AppData\Local\Arduino15\packages\ATTinyCore\hardware\avr\1.5.2\cores\tiny/wiring.c:1138
*/

  // Use the Millis Timer for fast PWM (unless it doesn't have an output).
  #if (TIMER_TO_USE_FOR_MILLIS == 0)
    #if defined(WGM01) // if Timer0 has PWM
      TCCR0A = (1<<WGM01) | (1<<WGM00);
 2bc:	83 e0       	ldi	r24, 0x03	; 3
 2be:	8a bd       	out	0x2a, r24	; 42
C:\Users\m039\AppData\Local\Arduino15\packages\ATTinyCore\hardware\avr\1.5.2\cores\tiny/wiring.c:1141
    #endif
    #if defined(TCCR0B) //The x61 has a wacky Timer0!
      TCCR0B = (MillisTimer_Prescale_Index << CS00);
 2c0:	83 bf       	out	0x33, r24	; 51
C:\Users\m039\AppData\Local\Arduino15\packages\ATTinyCore\hardware\avr\1.5.2\cores\tiny/wiring.c:1162
    TCCR1A = 1<<WGM10;
    TCCR1B = (1<<WGM12) | (MillisTimer_Prescale_Index << CS10);
  #endif

  // this needs to be called before setup() or some functions won't work there
  sei();
 2c2:	78 94       	sei
C:\Users\m039\AppData\Local\Arduino15\packages\ATTinyCore\hardware\avr\1.5.2\cores\tiny/wiring.c:1167

  #ifndef DISABLEMILLIS
    // Enable the overflow interrupt (this is the basic system tic-toc for millis)
    #if defined(TIMSK) && defined(TOIE0) && (TIMER_TO_USE_FOR_MILLIS == 0)
      sbi(TIMSK, TOIE0);
 2c4:	89 b7       	in	r24, 0x39	; 57
 2c6:	82 60       	ori	r24, 0x02	; 2
 2c8:	89 bf       	out	0x39, r24	; 57
initToneTimerInternal():
C:\Users\m039\AppData\Local\Arduino15\packages\ATTinyCore\hardware\avr\1.5.2\cores\tiny/wiring.c:958
    #elif defined(__AVR_ATtiny43__)
      TCCR1A = 3; //WGM 10=1, WGM11=1
      TCCR1B = 3; //prescaler of 64
    #elif (TIMER_TO_USE_FOR_TONE == 1) && defined(TCCR1) // ATtiny x5
      // Use the Tone Timer for fast PWM as phase correct not supported by this timer
      GTCCR = (1<<PWM1B);
 2ca:	80 e4       	ldi	r24, 0x40	; 64
 2cc:	8c bd       	out	0x2c, r24	; 44
C:\Users\m039\AppData\Local\Arduino15\packages\ATTinyCore\hardware\avr\1.5.2\cores\tiny/wiring.c:959
      OCR1C = 0xFF; //Use 255 as the top to match with the others as this module doesn't have a 8bit PWM mode.
 2ce:	8f ef       	ldi	r24, 0xFF	; 255
 2d0:	8d bd       	out	0x2d, r24	; 45
C:\Users\m039\AppData\Local\Arduino15\packages\ATTinyCore\hardware\avr\1.5.2\cores\tiny/wiring.c:960
      TCCR1 = (1<<CTC1) | (1<<PWM1A) | (ToneTimer_Prescale_Index << CS10);
 2d2:	87 ec       	ldi	r24, 0xC7	; 199
 2d4:	80 bf       	out	0x30, r24	; 48
init():
C:\Users\m039\AppData\Local\Arduino15\packages\ATTinyCore\hardware\avr\1.5.2\cores\tiny/wiring.c:1214
  #if defined( INITIALIZE_ANALOG_TO_DIGITAL_CONVERTER ) && INITIALIZE_ANALOG_TO_DIGITAL_CONVERTER
    #if defined(ADCSRA)
      // set a2d prescale factor
      // ADCSRA = (ADCSRA & ~((1<<ADPS2)|(1<<ADPS1)|(1<<ADPS0))) | (ADC_ARDUINO_PRESCALER << ADPS0) | (1<<ADEN);
      // dude, this is being called on startup. We know that ADCSRA is 0! Why add a RMW cycle?!
      ADCSRA = (ADC_ARDUINO_PRESCALER << ADPS0) | (1<<ADEN);
 2d6:	86 e8       	ldi	r24, 0x86	; 134
 2d8:	86 b9       	out	0x06, r24	; 6
playMelody():
C:\Users\m039\Desktop\Code\avr-playground\Buzzer DIY Kit\Prototype\Code\ATtiny85TwinkleTwinkle/ATtiny85TwinkleTwinkle.ino:28
void setup() {
}

void playMelody() {
  for (int thisNote = 0; thisNote < 16; thisNote++) {
    int noteDuration = 1000 / noteDurations[thisNote];
 2da:	78 ee       	ldi	r23, 0xE8	; 232
 2dc:	27 2e       	mov	r2, r23
 2de:	73 e0       	ldi	r23, 0x03	; 3
 2e0:	37 2e       	mov	r3, r23
tone():
C:\Users\m039\AppData\Local\Arduino15\packages\ATTinyCore\hardware\avr\1.5.2\cores\tiny/Tone.cpp:457
#endif
      }
      else
      {
        /* Indicate to the interrupt service routine that we'll be running until further notice */
        tone_timer_toggle_count = -1;
 2e2:	44 24       	eor	r4, r4
 2e4:	4a 94       	dec	r4
 2e6:	54 2c       	mov	r5, r4
 2e8:	32 01       	movw	r6, r4
C:\Users\m039\AppData\Local\Arduino15\packages\ATTinyCore\hardware\avr\1.5.2\cores\tiny/Tone.cpp:300
     }
     else
     {
      /* Save information needed by the interrupt service routine */
      tone_timer_pin_register = portOutputRegister( digitalPinToPort( _pin ) );
      tone_timer_pin_mask = digitalPinToBitMask( _pin );
 2ea:	01 e0       	ldi	r16, 0x01	; 1
 2ec:	81 e8       	ldi	r24, 0x81	; 129
 2ee:	90 e0       	ldi	r25, 0x00	; 0
 2f0:	9c 83       	std	Y+4, r25	; 0x04
 2f2:	8b 83       	std	Y+3, r24	; 0x03
 2f4:	e1 e6       	ldi	r30, 0x61	; 97
 2f6:	f0 e0       	ldi	r31, 0x00	; 0
 2f8:	fa 83       	std	Y+2, r31	; 0x02
 2fa:	e9 83       	std	Y+1, r30	; 0x01
playMelody():
C:\Users\m039\Desktop\Code\avr-playground\Buzzer DIY Kit\Prototype\Code\ATtiny85TwinkleTwinkle/ATtiny85TwinkleTwinkle.ino:28
 2fc:	eb 81       	ldd	r30, Y+3	; 0x03
 2fe:	fc 81       	ldd	r31, Y+4	; 0x04
 300:	61 91       	ld	r22, Z+
 302:	71 91       	ld	r23, Z+
 304:	fc 83       	std	Y+4, r31	; 0x04
 306:	eb 83       	std	Y+3, r30	; 0x03
 308:	c1 01       	movw	r24, r2
 30a:	16 d2       	rcall	.+1068   	; 0x738 <__divmodhi4>
C:\Users\m039\Desktop\Code\avr-playground\Buzzer DIY Kit\Prototype\Code\ATtiny85TwinkleTwinkle/ATtiny85TwinkleTwinkle.ino:30
    
    tone(BUZZER_PIN, melody[thisNote], noteDuration);
 30c:	4b 01       	movw	r8, r22
 30e:	77 0f       	add	r23, r23
 310:	aa 08       	sbc	r10, r10
 312:	bb 08       	sbc	r11, r11
 314:	e9 81       	ldd	r30, Y+1	; 0x01
 316:	fa 81       	ldd	r31, Y+2	; 0x02
 318:	c1 90       	ld	r12, Z+
 31a:	d1 90       	ld	r13, Z+
 31c:	fa 83       	std	Y+2, r31	; 0x02
 31e:	e9 83       	std	Y+1, r30	; 0x01
 320:	0d 2c       	mov	r0, r13
 322:	00 0c       	add	r0, r0
 324:	ee 08       	sbc	r14, r14
 326:	ff 08       	sbc	r15, r15
tone():
C:\Users\m039\AppData\Local\Arduino15\packages\ATTinyCore\hardware\avr\1.5.2\cores\tiny/Tone.cpp:58
static unsigned long freq=0;


void tone( uint8_t _pin, unsigned long frequency, unsigned long duration )
{
  if(_pin==tone_pin && freq==frequency&&duration==0) {
 328:	20 91 60 00 	lds	r18, 0x0060	; 0x800060 <__DATA_REGION_ORIGIN__>
 32c:	21 11       	cpse	r18, r1
 32e:	13 c0       	rjmp	.+38     	; 0x356 <main+0xa6>
 330:	80 91 a9 00 	lds	r24, 0x00A9	; 0x8000a9 <freq>
 334:	90 91 aa 00 	lds	r25, 0x00AA	; 0x8000aa <freq+0x1>
 338:	a0 91 ab 00 	lds	r26, 0x00AB	; 0x8000ab <freq+0x2>
 33c:	b0 91 ac 00 	lds	r27, 0x00AC	; 0x8000ac <freq+0x3>
 340:	c8 16       	cp	r12, r24
 342:	d9 06       	cpc	r13, r25
 344:	ea 06       	cpc	r14, r26
 346:	fb 06       	cpc	r15, r27
 348:	31 f4       	brne	.+12     	; 0x356 <main+0xa6>
 34a:	81 14       	cp	r8, r1
 34c:	91 04       	cpc	r9, r1
 34e:	a1 04       	cpc	r10, r1
 350:	b1 04       	cpc	r11, r1
 352:	09 f4       	brne	.+2      	; 0x356 <main+0xa6>
 354:	7b c0       	rjmp	.+246    	; 0x44c <__LOCK_REGION_LENGTH__+0x4c>
C:\Users\m039\AppData\Local\Arduino15\packages\ATTinyCore\hardware\avr\1.5.2\cores\tiny/Tone.cpp:61
    return;
  }
  freq=frequency;
 356:	c0 92 a9 00 	sts	0x00A9, r12	; 0x8000a9 <freq>
 35a:	d0 92 aa 00 	sts	0x00AA, r13	; 0x8000aa <freq+0x1>
 35e:	e0 92 ab 00 	sts	0x00AB, r14	; 0x8000ab <freq+0x2>
 362:	f0 92 ac 00 	sts	0x00AC, r15	; 0x8000ac <freq+0x3>
C:\Users\m039\AppData\Local\Arduino15\packages\ATTinyCore\hardware\avr\1.5.2\cores\tiny/Tone.cpp:63

  if ( tone_pin == 255 )
 366:	2f 3f       	cpi	r18, 0xFF	; 255
 368:	21 f5       	brne	.+72     	; 0x3b2 <main+0x102>
C:\Users\m039\AppData\Local\Arduino15\packages\ATTinyCore\hardware\avr\1.5.2\cores\tiny/Tone.cpp:105
    TIFR1 |= ((1<<OCF1B) | (1<<OCF1A) | (1<<TOV1));


#elif (TIMER_TO_USE_FOR_TONE == 1) && defined(TCCR1) //START OF ATtiny85
    // Turn off Clear on Compare Match, turn off PWM A, disconnect the timer from the output pin, stop the clock
    TCCR1 = (0<<CTC1) | (0<<PWM1A) | (0<<COM1A1) | (0<<COM1A0) | (0<<CS13) | (0<<CS12) | (0<<CS11) | (0<<CS10);
 36a:	10 be       	out	0x30, r1	; 48
C:\Users\m039\AppData\Local\Arduino15\packages\ATTinyCore\hardware\avr\1.5.2\cores\tiny/Tone.cpp:107
    // Turn off PWM A, disconnect the timer from the output pin, no Force Output Compare Match, no Prescaler Reset
    GTCCR &= ~((1<<PWM1B) | (1<<COM1B1) | (1<<COM1B0) | (1<<FOC1B) | (1<<FOC1A) | (1<<PSR1));
 36c:	8c b5       	in	r24, 0x2c	; 44
 36e:	81 78       	andi	r24, 0x81	; 129
 370:	8c bd       	out	0x2c, r24	; 44
C:\Users\m039\AppData\Local\Arduino15\packages\ATTinyCore\hardware\avr\1.5.2\cores\tiny/Tone.cpp:109
    // Reset the count to zero
    TCNT1 = 0;
 372:	1f bc       	out	0x2f, r1	; 47
C:\Users\m039\AppData\Local\Arduino15\packages\ATTinyCore\hardware\avr\1.5.2\cores\tiny/Tone.cpp:111
    // Set the output compare registers to zero
    OCR1A = 0;
 374:	1e bc       	out	0x2e, r1	; 46
C:\Users\m039\AppData\Local\Arduino15\packages\ATTinyCore\hardware\avr\1.5.2\cores\tiny/Tone.cpp:112
    OCR1B = 0;
 376:	1b bc       	out	0x2b, r1	; 43
C:\Users\m039\AppData\Local\Arduino15\packages\ATTinyCore\hardware\avr\1.5.2\cores\tiny/Tone.cpp:113
    OCR1C = 0;
 378:	1d bc       	out	0x2d, r1	; 45
C:\Users\m039\AppData\Local\Arduino15\packages\ATTinyCore\hardware\avr\1.5.2\cores\tiny/Tone.cpp:115
    // Disable all Timer1 interrupts
    TIMSK &= ~((1<<OCIE1A) | (1<<OCIE1B) | (1<<TOIE1));
 37a:	89 b7       	in	r24, 0x39	; 57
 37c:	8b 79       	andi	r24, 0x9B	; 155
 37e:	89 bf       	out	0x39, r24	; 57
C:\Users\m039\AppData\Local\Arduino15\packages\ATTinyCore\hardware\avr\1.5.2\cores\tiny/Tone.cpp:117
    // Clear the Timer1 interrupt flags
    TIFR |= ((1<<OCF1A) | (1<<OCF1B) | (1<<TOV1));
 380:	88 b7       	in	r24, 0x38	; 56
 382:	84 66       	ori	r24, 0x64	; 100
 384:	88 bf       	out	0x38, r24	; 56
C:\Users\m039\AppData\Local\Arduino15\packages\ATTinyCore\hardware\avr\1.5.2\cores\tiny/Tone.cpp:178
  TCCR1A =(0<<WGM00)|(1<<WGM01);
  //TCCR1B =(0<<WGM02);
#else
  #if TIMER_TO_USE_FOR_TONE == 1
    #if defined(TCCR1)//START OF ATtiny85
      TCCR1 = (1<<CTC1) | (0<<PWM1A);
 386:	f0 e8       	ldi	r31, 0x80	; 128
 388:	f0 bf       	out	0x30, r31	; 48
C:\Users\m039\AppData\Local\Arduino15\packages\ATTinyCore\hardware\avr\1.5.2\cores\tiny/Tone.cpp:299

     }
     else
     {
      /* Save information needed by the interrupt service routine */
      tone_timer_pin_register = portOutputRegister( digitalPinToPort( _pin ) );
 38a:	88 e3       	ldi	r24, 0x38	; 56
 38c:	90 e0       	ldi	r25, 0x00	; 0
 38e:	90 93 a8 00 	sts	0x00A8, r25	; 0x8000a8 <tone_timer_pin_register+0x1>
 392:	80 93 a7 00 	sts	0x00A7, r24	; 0x8000a7 <tone_timer_pin_register>
C:\Users\m039\AppData\Local\Arduino15\packages\ATTinyCore\hardware\avr\1.5.2\cores\tiny/Tone.cpp:300
      tone_timer_pin_mask = digitalPinToBitMask( _pin );
 396:	00 93 a6 00 	sts	0x00A6, r16	; 0x8000a6 <tone_timer_pin_mask>
C:\Users\m039\AppData\Local\Arduino15\packages\ATTinyCore\hardware\avr\1.5.2\cores\tiny/Tone.cpp:306

      /* Compare Output Mode = Normal port operation, OCxA disconnected. */
#if (TIMER_TO_USE_FOR_TONE == 0)
      TCCR0A &= ~((1<<COM0A1)|(1<<COM0A0)|(1<<COM0B1)|(1<<COM0B0));
#elif (TIMER_TO_USE_FOR_TONE == 1) & defined(TCCR1)
      TCCR1 &= ~((1<<COM1A1)|(1<<COM1A0));
 39a:	80 b7       	in	r24, 0x30	; 48
 39c:	8f 7c       	andi	r24, 0xCF	; 207
 39e:	80 bf       	out	0x30, r24	; 48
C:\Users\m039\AppData\Local\Arduino15\packages\ATTinyCore\hardware\avr\1.5.2\cores\tiny/Tone.cpp:307
      GTCCR &= ~((1<<COM1B1)|(1<<COM1B0));
 3a0:	8c b5       	in	r24, 0x2c	; 44
 3a2:	8f 7c       	andi	r24, 0xCF	; 207
 3a4:	8c bd       	out	0x2c, r24	; 44
pinMode():
C:\Users\m039\AppData\Local\Arduino15\packages\ATTinyCore\hardware\avr\1.5.2\cores\tiny/wiring_digital.c:57
                cli();
    *reg &= ~bit;
    *out |= bit;
    SREG = oldSREG;
  } else {
    uint8_t oldSREG = SREG;
 3a6:	8f b7       	in	r24, 0x3f	; 63
C:\Users\m039\AppData\Local\Arduino15\packages\ATTinyCore\hardware\avr\1.5.2\cores\tiny/wiring_digital.c:58
                cli();
 3a8:	f8 94       	cli
C:\Users\m039\AppData\Local\Arduino15\packages\ATTinyCore\hardware\avr\1.5.2\cores\tiny/wiring_digital.c:59
    *reg |= bit;
 3aa:	b8 9a       	sbi	0x17, 0	; 23
C:\Users\m039\AppData\Local\Arduino15\packages\ATTinyCore\hardware\avr\1.5.2\cores\tiny/wiring_digital.c:60
    SREG = oldSREG;
 3ac:	8f bf       	out	0x3f, r24	; 63
tone():
C:\Users\m039\AppData\Local\Arduino15\packages\ATTinyCore\hardware\avr\1.5.2\cores\tiny/Tone.cpp:318
    }

    /* Ensure the pin is configured for output */
    pinMode( _pin, OUTPUT );

    tone_pin = _pin;
 3ae:	10 92 60 00 	sts	0x0060, r1	; 0x800060 <__DATA_REGION_ORIGIN__>
C:\Users\m039\AppData\Local\Arduino15\packages\ATTinyCore\hardware\avr\1.5.2\cores\tiny/Tone.cpp:321
  }

  if ( tone_pin == _pin )
 3b2:	80 91 60 00 	lds	r24, 0x0060	; 0x800060 <__DATA_REGION_ORIGIN__>
 3b6:	81 11       	cpse	r24, r1
 3b8:	49 c0       	rjmp	.+146    	; 0x44c <__LOCK_REGION_LENGTH__+0x4c>
C:\Users\m039\AppData\Local\Arduino15\packages\ATTinyCore\hardware\avr\1.5.2\cores\tiny/Tone.cpp:330
    // Millis timer is always processor clock divided by MillisTimer_Prescale_Value (64)
#if (TIMER_TO_USE_FOR_TONE == 0)
    TCCR0B &= ~((1<<CS02)|(1<<CS01)|(1<<CS00));
    TCNT0 = 0;
#elif (TIMER_TO_USE_FOR_TONE == 1) && defined(TCCR1)
    TCCR1 &= ~((1<<CS13)|(1<<CS12)|(1<<CS11)|(1<<CS10));
 3ba:	80 b7       	in	r24, 0x30	; 48
 3bc:	80 7f       	andi	r24, 0xF0	; 240
 3be:	80 bf       	out	0x30, r24	; 48
C:\Users\m039\AppData\Local\Arduino15\packages\ATTinyCore\hardware\avr\1.5.2\cores\tiny/Tone.cpp:331
    TCNT1 = 0;
 3c0:	1f bc       	out	0x2f, r1	; 47
C:\Users\m039\AppData\Local\Arduino15\packages\ATTinyCore\hardware\avr\1.5.2\cores\tiny/Tone.cpp:340
#elif (TIMER_TO_USE_FOR_TONE == 1)
    TCCR1B &= ~((1<<CS12)|(1 << CS11)|(1 << CS10));
    TCNT1 = 0;
#endif

    if ( frequency > 0 )
 3c2:	c1 14       	cp	r12, r1
 3c4:	d1 04       	cpc	r13, r1
 3c6:	e1 04       	cpc	r14, r1
 3c8:	f1 04       	cpc	r15, r1
 3ca:	09 f4       	brne	.+2      	; 0x3ce <main+0x11e>
 3cc:	64 c0       	rjmp	.+200    	; 0x496 <__LOCK_REGION_LENGTH__+0x96>
C:\Users\m039\AppData\Local\Arduino15\packages\ATTinyCore\hardware\avr\1.5.2\cores\tiny/Tone.cpp:352
  uint32_t ocr = 64000000UL / frequency / 2;
  #else
    #ifdef LOWPLLTIMER1
  uint32_t ocr = 32000000UL / frequency / 2;
    #else
  uint32_t ocr = F_CPU / frequency / 2;
 3ce:	60 e0       	ldi	r22, 0x00	; 0
 3d0:	79 e0       	ldi	r23, 0x09	; 9
 3d2:	8d e3       	ldi	r24, 0x3D	; 61
 3d4:	90 e0       	ldi	r25, 0x00	; 0
 3d6:	a7 01       	movw	r20, r14
 3d8:	96 01       	movw	r18, r12
 3da:	c1 d1       	rcall	.+898    	; 0x75e <__udivmodsi4>
main():
C:\Users\m039\AppData\Local\Arduino15\packages\ATTinyCore\hardware\avr\1.5.2\cores\tiny/Tone.cpp:380
          }
        }
      }
  #else
    #if defined(TCCR1) //Start FANCY ATtiny85 code
       uint8_t prescalarbits = 0b0001;
 3dc:	11 e0       	ldi	r17, 0x01	; 1
tone():
C:\Users\m039\AppData\Local\Arduino15\packages\ATTinyCore\hardware\avr\1.5.2\cores\tiny/Tone.cpp:381
       while (ocr > 0xff && prescalarbits < 15) {
 3de:	2f 3f       	cpi	r18, 0xFF	; 255
 3e0:	31 05       	cpc	r19, r1
 3e2:	41 05       	cpc	r20, r1
 3e4:	51 05       	cpc	r21, r1
 3e6:	49 f0       	breq	.+18     	; 0x3fa <main+0x14a>
 3e8:	40 f0       	brcs	.+16     	; 0x3fa <main+0x14a>
 3ea:	1f 30       	cpi	r17, 0x0F	; 15
 3ec:	31 f0       	breq	.+12     	; 0x3fa <main+0x14a>
C:\Users\m039\AppData\Local\Arduino15\packages\ATTinyCore\hardware\avr\1.5.2\cores\tiny/Tone.cpp:382
          prescalarbits++;
 3ee:	1f 5f       	subi	r17, 0xFF	; 255
C:\Users\m039\AppData\Local\Arduino15\packages\ATTinyCore\hardware\avr\1.5.2\cores\tiny/Tone.cpp:383
          ocr>>=1;
 3f0:	56 95       	lsr	r21
 3f2:	47 95       	ror	r20
 3f4:	37 95       	ror	r19
 3f6:	27 95       	ror	r18
 3f8:	f2 cf       	rjmp	.-28     	; 0x3de <main+0x12e>
C:\Users\m039\AppData\Local\Arduino15\packages\ATTinyCore\hardware\avr\1.5.2\cores\tiny/Tone.cpp:386

       }
       OCR1C=ocr-1;
 3fa:	8f ef       	ldi	r24, 0xFF	; 255
 3fc:	82 0f       	add	r24, r18
 3fe:	8d bd       	out	0x2d, r24	; 45
C:\Users\m039\AppData\Local\Arduino15\packages\ATTinyCore\hardware\avr\1.5.2\cores\tiny/Tone.cpp:395
        {
         ocr /= 64;
          prescalarbits = 0b011;
        }
    #endif
     ocr -= 1; //Note we are doing the subtraction of 1 here to save repeatedly calculating ocr from just the frequency in the if tree above
 400:	21 50       	subi	r18, 0x01	; 1
 402:	31 09       	sbc	r19, r1
 404:	41 09       	sbc	r20, r1
 406:	51 09       	sbc	r21, r1
C:\Users\m039\AppData\Local\Arduino15\packages\ATTinyCore\hardware\avr\1.5.2\cores\tiny/Tone.cpp:403
          // the timer pin table now has the information we need!
          OCR1B = ocr;
      }
      // OCR1A is used for interrupts / duration
    #endif
      OCR1A = ocr;
 408:	2e bd       	out	0x2e, r18	; 46
C:\Users\m039\AppData\Local\Arduino15\packages\ATTinyCore\hardware\avr\1.5.2\cores\tiny/Tone.cpp:435
      OCR0A = ocr;

#endif

      /* Does the caller want a specific duration? */
      if ( duration > 0 )
 40a:	81 14       	cp	r8, r1
 40c:	91 04       	cpc	r9, r1
 40e:	a1 04       	cpc	r10, r1
 410:	b1 04       	cpc	r11, r1
 412:	c1 f1       	breq	.+112    	; 0x484 <__LOCK_REGION_LENGTH__+0x84>
C:\Users\m039\AppData\Local\Arduino15\packages\ATTinyCore\hardware\avr\1.5.2\cores\tiny/Tone.cpp:438
      {
        /* Determine how many times the value toggles */
        tone_timer_toggle_count = (2 * frequency * duration) / 1000;
 414:	c7 01       	movw	r24, r14
 416:	b6 01       	movw	r22, r12
 418:	66 0f       	add	r22, r22
 41a:	77 1f       	adc	r23, r23
 41c:	88 1f       	adc	r24, r24
 41e:	99 1f       	adc	r25, r25
 420:	a5 01       	movw	r20, r10
 422:	94 01       	movw	r18, r8
 424:	70 d1       	rcall	.+736    	; 0x706 <__mulsi3>
 426:	28 ee       	ldi	r18, 0xE8	; 232
 428:	33 e0       	ldi	r19, 0x03	; 3
 42a:	40 e0       	ldi	r20, 0x00	; 0
 42c:	50 e0       	ldi	r21, 0x00	; 0
 42e:	97 d1       	rcall	.+814    	; 0x75e <__udivmodsi4>
 430:	20 93 a2 00 	sts	0x00A2, r18	; 0x8000a2 <__data_end>
 434:	30 93 a3 00 	sts	0x00A3, r19	; 0x8000a3 <__data_end+0x1>
 438:	40 93 a4 00 	sts	0x00A4, r20	; 0x8000a4 <__data_end+0x2>
 43c:	50 93 a5 00 	sts	0x00A5, r21	; 0x8000a5 <__data_end+0x3>
C:\Users\m039\AppData\Local\Arduino15\packages\ATTinyCore\hardware\avr\1.5.2\cores\tiny/Tone.cpp:471
        if ( (digitalPinToTimer(_pin) != TIMER1A) && (digitalPinToTimer(_pin) != TIMER1B) )
  #endif
    {
            /* Output Compare A Match Interrupt Enable (software control)*/
  #if defined (TIMSK)
            TIMSK |= (1<<OCIE1A);
 440:	89 b7       	in	r24, 0x39	; 57
 442:	80 64       	ori	r24, 0x40	; 64
 444:	89 bf       	out	0x39, r24	; 57
C:\Users\m039\AppData\Local\Arduino15\packages\ATTinyCore\hardware\avr\1.5.2\cores\tiny/Tone.cpp:493

    //Clock is always stopped before this point, which means all of CS[0..2] are already 0, so can just use a bitwise OR to set required bits
#if (TIMER_TO_USE_FOR_TONE == 0)
      TCCR0B |= (prescalarbits << CS00);
#elif (TIMER_TO_USE_FOR_TONE == 1) && defined(TCCR1)
      TCCR1 |= (prescalarbits << CS10);
 446:	80 b7       	in	r24, 0x30	; 48
 448:	18 2b       	or	r17, r24
 44a:	10 bf       	out	0x30, r17	; 48
playMelody():
C:\Users\m039\Desktop\Code\avr-playground\Buzzer DIY Kit\Prototype\Code\ATtiny85TwinkleTwinkle/ATtiny85TwinkleTwinkle.ino:32
    
    int pauseBetweenNotes = noteDuration * 1.30;
 44c:	c5 01       	movw	r24, r10
 44e:	b4 01       	movw	r22, r8
 450:	63 d0       	rcall	.+198    	; 0x518 <__floatsisf>
 452:	26 e6       	ldi	r18, 0x66	; 102
 454:	36 e6       	ldi	r19, 0x66	; 102
 456:	46 ea       	ldi	r20, 0xA6	; 166
 458:	5f e3       	ldi	r21, 0x3F	; 63
 45a:	c2 d0       	rcall	.+388    	; 0x5e0 <__mulsf3>
 45c:	2a d0       	rcall	.+84     	; 0x4b2 <__fixsfsi>
C:\Users\m039\Desktop\Code\avr-playground\Buzzer DIY Kit\Prototype\Code\ATtiny85TwinkleTwinkle/ATtiny85TwinkleTwinkle.ino:33
    delay(pauseBetweenNotes);
 45e:	07 2e       	mov	r0, r23
 460:	00 0c       	add	r0, r0
 462:	88 0b       	sbc	r24, r24
 464:	99 0b       	sbc	r25, r25
 466:	1d de       	rcall	.-966    	; 0xa2 <delay>
C:\Users\m039\Desktop\Code\avr-playground\Buzzer DIY Kit\Prototype\Code\ATtiny85TwinkleTwinkle/ATtiny85TwinkleTwinkle.ino:35
    
    noTone(BUZZER_PIN);
 468:	80 e0       	ldi	r24, 0x00	; 0
 46a:	44 de       	rcall	.-888    	; 0xf4 <noTone(unsigned char)>
C:\Users\m039\Desktop\Code\avr-playground\Buzzer DIY Kit\Prototype\Code\ATtiny85TwinkleTwinkle/ATtiny85TwinkleTwinkle.ino:27

void setup() {
}

void playMelody() {
  for (int thisNote = 0; thisNote < 16; thisNote++) {
 46c:	eb 81       	ldd	r30, Y+3	; 0x03
 46e:	fc 81       	ldd	r31, Y+4	; 0x04
 470:	e1 5a       	subi	r30, 0xA1	; 161
 472:	f0 40       	sbci	r31, 0x00	; 0
 474:	09 f0       	breq	.+2      	; 0x478 <__LOCK_REGION_LENGTH__+0x78>
 476:	42 cf       	rjmp	.-380    	; 0x2fc <main+0x4c>
loop():
C:\Users\m039\Desktop\Code\avr-playground\Buzzer DIY Kit\Prototype\Code\ATtiny85TwinkleTwinkle/ATtiny85TwinkleTwinkle.ino:41
  }
}

void loop() {
  playMelody();
  delay(5000);
 478:	68 e8       	ldi	r22, 0x88	; 136
 47a:	73 e1       	ldi	r23, 0x13	; 19
 47c:	80 e0       	ldi	r24, 0x00	; 0
 47e:	90 e0       	ldi	r25, 0x00	; 0
 480:	10 de       	rcall	.-992    	; 0xa2 <delay>
 482:	34 cf       	rjmp	.-408    	; 0x2ec <main+0x3c>
tone():
C:\Users\m039\AppData\Local\Arduino15\packages\ATTinyCore\hardware\avr\1.5.2\cores\tiny/Tone.cpp:457
#endif
      }
      else
      {
        /* Indicate to the interrupt service routine that we'll be running until further notice */
        tone_timer_toggle_count = -1;
 484:	40 92 a2 00 	sts	0x00A2, r4	; 0x8000a2 <__data_end>
 488:	50 92 a3 00 	sts	0x00A3, r5	; 0x8000a3 <__data_end+0x1>
 48c:	60 92 a4 00 	sts	0x00A4, r6	; 0x8000a4 <__data_end+0x2>
 490:	70 92 a5 00 	sts	0x00A5, r7	; 0x8000a5 <__data_end+0x3>
 494:	d5 cf       	rjmp	.-86     	; 0x440 <__LOCK_REGION_LENGTH__+0x40>
C:\Users\m039\AppData\Local\Arduino15\packages\ATTinyCore\hardware\avr\1.5.2\cores\tiny/Tone.cpp:508
      TIMSK1 |= (1<<OCIE0A);
      TIMSK1 &= ~((1<<OCIE0B) | (1<<OCIE0A) | (1<<TOIE0));
#else
  #if (TIMER_TO_USE_FOR_TONE == 1)
    #if defined (TIMSK)
      TIMSK |= (1<<OCIE1A);
 496:	89 b7       	in	r24, 0x39	; 57
 498:	80 64       	ori	r24, 0x40	; 64
 49a:	89 bf       	out	0x39, r24	; 57
C:\Users\m039\AppData\Local\Arduino15\packages\ATTinyCore\hardware\avr\1.5.2\cores\tiny/Tone.cpp:509
      TIMSK &= ~((1<<TOIE1) | (1<<OCIE1A) | (1<<OCIE1B));
 49c:	89 b7       	in	r24, 0x39	; 57
 49e:	8b 79       	andi	r24, 0x9B	; 155
 4a0:	89 bf       	out	0x39, r24	; 57
turnOffPWM():
C:\Users\m039\AppData\Local\Arduino15\packages\ATTinyCore\hardware\avr\1.5.2\cores\tiny/wiring_digital.c:68

static void turnOffPWM(uint8_t timer)
{
  #if defined(TCCR0A) && defined(COM0A1)
    if( timer == TIMER0A){
      cbi(TCCR0A, COM0A1);
 4a2:	8a b5       	in	r24, 0x2a	; 42
 4a4:	8f 77       	andi	r24, 0x7F	; 127
 4a6:	8a bd       	out	0x2a, r24	; 42
digitalWrite():
C:\Users\m039\AppData\Local\Arduino15\packages\ATTinyCore\hardware\avr\1.5.2\cores\tiny/wiring_digital.c:153
  if (timer != NOT_ON_TIMER) turnOffPWM(timer);

  out = portOutputRegister(port);

  if (val == LOW) {
    uint8_t oldSREG = SREG;
 4a8:	8f b7       	in	r24, 0x3f	; 63
C:\Users\m039\AppData\Local\Arduino15\packages\ATTinyCore\hardware\avr\1.5.2\cores\tiny/wiring_digital.c:154
    cli();
 4aa:	f8 94       	cli
C:\Users\m039\AppData\Local\Arduino15\packages\ATTinyCore\hardware\avr\1.5.2\cores\tiny/wiring_digital.c:155
    *out &= ~bit;
 4ac:	c0 98       	cbi	0x18, 0	; 24
C:\Users\m039\AppData\Local\Arduino15\packages\ATTinyCore\hardware\avr\1.5.2\cores\tiny/wiring_digital.c:156
    SREG = oldSREG;
 4ae:	8f bf       	out	0x3f, r24	; 63
 4b0:	cd cf       	rjmp	.-102    	; 0x44c <__LOCK_REGION_LENGTH__+0x4c>

000004b2 <__fixsfsi>:
__fixsfsi():
 4b2:	04 d0       	rcall	.+8      	; 0x4bc <__fixunssfsi>
 4b4:	68 94       	set
 4b6:	b1 11       	cpse	r27, r1
 4b8:	8d c0       	rjmp	.+282    	; 0x5d4 <__fp_szero>
 4ba:	08 95       	ret

000004bc <__fixunssfsi>:
__fixunssfsi():
 4bc:	70 d0       	rcall	.+224    	; 0x59e <__fp_splitA>
 4be:	88 f0       	brcs	.+34     	; 0x4e2 <__fixunssfsi+0x26>
 4c0:	9f 57       	subi	r25, 0x7F	; 127
 4c2:	90 f0       	brcs	.+36     	; 0x4e8 <__fixunssfsi+0x2c>
 4c4:	b9 2f       	mov	r27, r25
 4c6:	99 27       	eor	r25, r25
 4c8:	b7 51       	subi	r27, 0x17	; 23
 4ca:	a0 f0       	brcs	.+40     	; 0x4f4 <__fixunssfsi+0x38>
 4cc:	d1 f0       	breq	.+52     	; 0x502 <__fixunssfsi+0x46>
 4ce:	66 0f       	add	r22, r22
 4d0:	77 1f       	adc	r23, r23
 4d2:	88 1f       	adc	r24, r24
 4d4:	99 1f       	adc	r25, r25
 4d6:	1a f0       	brmi	.+6      	; 0x4de <__fixunssfsi+0x22>
 4d8:	ba 95       	dec	r27
 4da:	c9 f7       	brne	.-14     	; 0x4ce <__fixunssfsi+0x12>
 4dc:	12 c0       	rjmp	.+36     	; 0x502 <__fixunssfsi+0x46>
 4de:	b1 30       	cpi	r27, 0x01	; 1
 4e0:	81 f0       	breq	.+32     	; 0x502 <__fixunssfsi+0x46>
 4e2:	77 d0       	rcall	.+238    	; 0x5d2 <__fp_zero>
 4e4:	b1 e0       	ldi	r27, 0x01	; 1
 4e6:	08 95       	ret
 4e8:	74 c0       	rjmp	.+232    	; 0x5d2 <__fp_zero>
 4ea:	67 2f       	mov	r22, r23
 4ec:	78 2f       	mov	r23, r24
 4ee:	88 27       	eor	r24, r24
 4f0:	b8 5f       	subi	r27, 0xF8	; 248
 4f2:	39 f0       	breq	.+14     	; 0x502 <__fixunssfsi+0x46>
 4f4:	b9 3f       	cpi	r27, 0xF9	; 249
 4f6:	cc f3       	brlt	.-14     	; 0x4ea <__fixunssfsi+0x2e>
 4f8:	86 95       	lsr	r24
 4fa:	77 95       	ror	r23
 4fc:	67 95       	ror	r22
 4fe:	b3 95       	inc	r27
 500:	d9 f7       	brne	.-10     	; 0x4f8 <__fixunssfsi+0x3c>
 502:	3e f4       	brtc	.+14     	; 0x512 <__fixunssfsi+0x56>
 504:	90 95       	com	r25
 506:	80 95       	com	r24
 508:	70 95       	com	r23
 50a:	61 95       	neg	r22
 50c:	7f 4f       	sbci	r23, 0xFF	; 255
 50e:	8f 4f       	sbci	r24, 0xFF	; 255
 510:	9f 4f       	sbci	r25, 0xFF	; 255
 512:	08 95       	ret

00000514 <__floatunsisf>:
__floatunsisf():
 514:	e8 94       	clt
 516:	09 c0       	rjmp	.+18     	; 0x52a <__floatsisf+0x12>

00000518 <__floatsisf>:
 518:	97 fb       	bst	r25, 7
 51a:	3e f4       	brtc	.+14     	; 0x52a <__floatsisf+0x12>
 51c:	90 95       	com	r25
 51e:	80 95       	com	r24
 520:	70 95       	com	r23
 522:	61 95       	neg	r22
 524:	7f 4f       	sbci	r23, 0xFF	; 255
 526:	8f 4f       	sbci	r24, 0xFF	; 255
 528:	9f 4f       	sbci	r25, 0xFF	; 255
 52a:	99 23       	and	r25, r25
 52c:	a9 f0       	breq	.+42     	; 0x558 <__floatsisf+0x40>
 52e:	f9 2f       	mov	r31, r25
 530:	96 e9       	ldi	r25, 0x96	; 150
 532:	bb 27       	eor	r27, r27
 534:	93 95       	inc	r25
 536:	f6 95       	lsr	r31
 538:	87 95       	ror	r24
 53a:	77 95       	ror	r23
 53c:	67 95       	ror	r22
 53e:	b7 95       	ror	r27
 540:	f1 11       	cpse	r31, r1
 542:	f8 cf       	rjmp	.-16     	; 0x534 <__floatsisf+0x1c>
 544:	fa f4       	brpl	.+62     	; 0x584 <__floatsisf+0x6c>
 546:	bb 0f       	add	r27, r27
 548:	11 f4       	brne	.+4      	; 0x54e <__floatsisf+0x36>
 54a:	60 ff       	sbrs	r22, 0
 54c:	1b c0       	rjmp	.+54     	; 0x584 <__floatsisf+0x6c>
 54e:	6f 5f       	subi	r22, 0xFF	; 255
 550:	7f 4f       	sbci	r23, 0xFF	; 255
 552:	8f 4f       	sbci	r24, 0xFF	; 255
 554:	9f 4f       	sbci	r25, 0xFF	; 255
 556:	16 c0       	rjmp	.+44     	; 0x584 <__floatsisf+0x6c>
 558:	88 23       	and	r24, r24
 55a:	11 f0       	breq	.+4      	; 0x560 <__floatsisf+0x48>
 55c:	96 e9       	ldi	r25, 0x96	; 150
 55e:	11 c0       	rjmp	.+34     	; 0x582 <__floatsisf+0x6a>
 560:	77 23       	and	r23, r23
 562:	21 f0       	breq	.+8      	; 0x56c <__floatsisf+0x54>
 564:	9e e8       	ldi	r25, 0x8E	; 142
 566:	87 2f       	mov	r24, r23
 568:	76 2f       	mov	r23, r22
 56a:	05 c0       	rjmp	.+10     	; 0x576 <__floatsisf+0x5e>
 56c:	66 23       	and	r22, r22
 56e:	71 f0       	breq	.+28     	; 0x58c <__floatsisf+0x74>
 570:	96 e8       	ldi	r25, 0x86	; 134
 572:	86 2f       	mov	r24, r22
 574:	70 e0       	ldi	r23, 0x00	; 0
 576:	60 e0       	ldi	r22, 0x00	; 0
 578:	2a f0       	brmi	.+10     	; 0x584 <__floatsisf+0x6c>
 57a:	9a 95       	dec	r25
 57c:	66 0f       	add	r22, r22
 57e:	77 1f       	adc	r23, r23
 580:	88 1f       	adc	r24, r24
 582:	da f7       	brpl	.-10     	; 0x57a <__floatsisf+0x62>
 584:	88 0f       	add	r24, r24
 586:	96 95       	lsr	r25
 588:	87 95       	ror	r24
 58a:	97 f9       	bld	r25, 7
 58c:	08 95       	ret

0000058e <__fp_split3>:
__fp_split3():
 58e:	57 fd       	sbrc	r21, 7
 590:	90 58       	subi	r25, 0x80	; 128
 592:	44 0f       	add	r20, r20
 594:	55 1f       	adc	r21, r21
 596:	59 f0       	breq	.+22     	; 0x5ae <__fp_splitA+0x10>
 598:	5f 3f       	cpi	r21, 0xFF	; 255
 59a:	71 f0       	breq	.+28     	; 0x5b8 <__fp_splitA+0x1a>
 59c:	47 95       	ror	r20

0000059e <__fp_splitA>:
 59e:	88 0f       	add	r24, r24
 5a0:	97 fb       	bst	r25, 7
 5a2:	99 1f       	adc	r25, r25
 5a4:	61 f0       	breq	.+24     	; 0x5be <__fp_splitA+0x20>
 5a6:	9f 3f       	cpi	r25, 0xFF	; 255
 5a8:	79 f0       	breq	.+30     	; 0x5c8 <__fp_splitA+0x2a>
 5aa:	87 95       	ror	r24
 5ac:	08 95       	ret
 5ae:	12 16       	cp	r1, r18
 5b0:	13 06       	cpc	r1, r19
 5b2:	14 06       	cpc	r1, r20
 5b4:	55 1f       	adc	r21, r21
 5b6:	f2 cf       	rjmp	.-28     	; 0x59c <__fp_split3+0xe>
 5b8:	46 95       	lsr	r20
 5ba:	f1 df       	rcall	.-30     	; 0x59e <__fp_splitA>
 5bc:	08 c0       	rjmp	.+16     	; 0x5ce <__fp_splitA+0x30>
 5be:	16 16       	cp	r1, r22
 5c0:	17 06       	cpc	r1, r23
 5c2:	18 06       	cpc	r1, r24
 5c4:	99 1f       	adc	r25, r25
 5c6:	f1 cf       	rjmp	.-30     	; 0x5aa <__fp_splitA+0xc>
 5c8:	86 95       	lsr	r24
 5ca:	71 05       	cpc	r23, r1
 5cc:	61 05       	cpc	r22, r1
 5ce:	08 94       	sec
 5d0:	08 95       	ret

000005d2 <__fp_zero>:
__fp_zero():
 5d2:	e8 94       	clt

000005d4 <__fp_szero>:
 5d4:	bb 27       	eor	r27, r27
 5d6:	66 27       	eor	r22, r22
 5d8:	77 27       	eor	r23, r23
 5da:	cb 01       	movw	r24, r22
 5dc:	97 f9       	bld	r25, 7
 5de:	08 95       	ret

000005e0 <__mulsf3>:
__mulsf3():
 5e0:	0a d0       	rcall	.+20     	; 0x5f6 <__mulsf3x>
 5e2:	80 c0       	rjmp	.+256    	; 0x6e4 <__fp_round>
 5e4:	71 d0       	rcall	.+226    	; 0x6c8 <__fp_pscA>
 5e6:	28 f0       	brcs	.+10     	; 0x5f2 <__mulsf3+0x12>
 5e8:	76 d0       	rcall	.+236    	; 0x6d6 <__fp_pscB>
 5ea:	18 f0       	brcs	.+6      	; 0x5f2 <__mulsf3+0x12>
 5ec:	95 23       	and	r25, r21
 5ee:	09 f0       	breq	.+2      	; 0x5f2 <__mulsf3+0x12>
 5f0:	62 c0       	rjmp	.+196    	; 0x6b6 <__fp_inf>
 5f2:	67 c0       	rjmp	.+206    	; 0x6c2 <__fp_nan>
 5f4:	ef cf       	rjmp	.-34     	; 0x5d4 <__fp_szero>

000005f6 <__mulsf3x>:
__mulsf3x():
 5f6:	cb df       	rcall	.-106    	; 0x58e <__fp_split3>
 5f8:	a8 f3       	brcs	.-22     	; 0x5e4 <__mulsf3+0x4>

000005fa <__mulsf3_pse>:
 5fa:	99 23       	and	r25, r25
 5fc:	d9 f3       	breq	.-10     	; 0x5f4 <__mulsf3+0x14>
 5fe:	55 23       	and	r21, r21
 600:	c9 f3       	breq	.-14     	; 0x5f4 <__mulsf3+0x14>
 602:	95 0f       	add	r25, r21
 604:	50 e0       	ldi	r21, 0x00	; 0
 606:	55 1f       	adc	r21, r21
 608:	aa 27       	eor	r26, r26
 60a:	ee 27       	eor	r30, r30
 60c:	ff 27       	eor	r31, r31
 60e:	bb 27       	eor	r27, r27
 610:	00 24       	eor	r0, r0
 612:	08 94       	sec
 614:	67 95       	ror	r22
 616:	20 f4       	brcc	.+8      	; 0x620 <__mulsf3_pse+0x26>
 618:	e2 0f       	add	r30, r18
 61a:	f3 1f       	adc	r31, r19
 61c:	b4 1f       	adc	r27, r20
 61e:	0a 1e       	adc	r0, r26
 620:	22 0f       	add	r18, r18
 622:	33 1f       	adc	r19, r19
 624:	44 1f       	adc	r20, r20
 626:	aa 1f       	adc	r26, r26
 628:	66 95       	lsr	r22
 62a:	a9 f7       	brne	.-22     	; 0x616 <__mulsf3_pse+0x1c>
 62c:	77 95       	ror	r23
 62e:	30 f4       	brcc	.+12     	; 0x63c <__mulsf3_pse+0x42>
 630:	f3 0f       	add	r31, r19
 632:	b4 1f       	adc	r27, r20
 634:	0a 1e       	adc	r0, r26
 636:	12 1e       	adc	r1, r18
 638:	08 f4       	brcc	.+2      	; 0x63c <__mulsf3_pse+0x42>
 63a:	63 95       	inc	r22
 63c:	33 0f       	add	r19, r19
 63e:	44 1f       	adc	r20, r20
 640:	aa 1f       	adc	r26, r26
 642:	22 1f       	adc	r18, r18
 644:	76 95       	lsr	r23
 646:	99 f7       	brne	.-26     	; 0x62e <__mulsf3_pse+0x34>
 648:	87 95       	ror	r24
 64a:	20 f4       	brcc	.+8      	; 0x654 <__mulsf3_pse+0x5a>
 64c:	b4 0f       	add	r27, r20
 64e:	0a 1e       	adc	r0, r26
 650:	12 1e       	adc	r1, r18
 652:	63 1f       	adc	r22, r19
 654:	44 0f       	add	r20, r20
 656:	aa 1f       	adc	r26, r26
 658:	22 1f       	adc	r18, r18
 65a:	33 1f       	adc	r19, r19
 65c:	86 95       	lsr	r24
 65e:	a9 f7       	brne	.-22     	; 0x64a <__mulsf3_pse+0x50>
 660:	86 2f       	mov	r24, r22
 662:	71 2d       	mov	r23, r1
 664:	60 2d       	mov	r22, r0
 666:	11 24       	eor	r1, r1
 668:	9f 57       	subi	r25, 0x7F	; 127
 66a:	50 40       	sbci	r21, 0x00	; 0
 66c:	8a f0       	brmi	.+34     	; 0x690 <__mulsf3_pse+0x96>
 66e:	e1 f0       	breq	.+56     	; 0x6a8 <__mulsf3_pse+0xae>
 670:	88 23       	and	r24, r24
 672:	4a f0       	brmi	.+18     	; 0x686 <__mulsf3_pse+0x8c>
 674:	ee 0f       	add	r30, r30
 676:	ff 1f       	adc	r31, r31
 678:	bb 1f       	adc	r27, r27
 67a:	66 1f       	adc	r22, r22
 67c:	77 1f       	adc	r23, r23
 67e:	88 1f       	adc	r24, r24
 680:	91 50       	subi	r25, 0x01	; 1
 682:	50 40       	sbci	r21, 0x00	; 0
 684:	a9 f7       	brne	.-22     	; 0x670 <__mulsf3_pse+0x76>
 686:	9e 3f       	cpi	r25, 0xFE	; 254
 688:	51 05       	cpc	r21, r1
 68a:	70 f0       	brcs	.+28     	; 0x6a8 <__mulsf3_pse+0xae>
 68c:	14 c0       	rjmp	.+40     	; 0x6b6 <__fp_inf>
 68e:	a2 cf       	rjmp	.-188    	; 0x5d4 <__fp_szero>
 690:	5f 3f       	cpi	r21, 0xFF	; 255
 692:	ec f3       	brlt	.-6      	; 0x68e <__mulsf3_pse+0x94>
 694:	98 3e       	cpi	r25, 0xE8	; 232
 696:	dc f3       	brlt	.-10     	; 0x68e <__mulsf3_pse+0x94>
 698:	86 95       	lsr	r24
 69a:	77 95       	ror	r23
 69c:	67 95       	ror	r22
 69e:	b7 95       	ror	r27
 6a0:	f7 95       	ror	r31
 6a2:	e7 95       	ror	r30
 6a4:	9f 5f       	subi	r25, 0xFF	; 255
 6a6:	c1 f7       	brne	.-16     	; 0x698 <__mulsf3_pse+0x9e>
 6a8:	fe 2b       	or	r31, r30
 6aa:	88 0f       	add	r24, r24
 6ac:	91 1d       	adc	r25, r1
 6ae:	96 95       	lsr	r25
 6b0:	87 95       	ror	r24
 6b2:	97 f9       	bld	r25, 7
 6b4:	08 95       	ret

000006b6 <__fp_inf>:
 6b6:	97 f9       	bld	r25, 7
 6b8:	9f 67       	ori	r25, 0x7F	; 127
 6ba:	80 e8       	ldi	r24, 0x80	; 128
 6bc:	70 e0       	ldi	r23, 0x00	; 0
 6be:	60 e0       	ldi	r22, 0x00	; 0
 6c0:	08 95       	ret

000006c2 <__fp_nan>:
 6c2:	9f ef       	ldi	r25, 0xFF	; 255
 6c4:	80 ec       	ldi	r24, 0xC0	; 192
 6c6:	08 95       	ret

000006c8 <__fp_pscA>:
__fp_pscA():
 6c8:	00 24       	eor	r0, r0
 6ca:	0a 94       	dec	r0
 6cc:	16 16       	cp	r1, r22
 6ce:	17 06       	cpc	r1, r23
 6d0:	18 06       	cpc	r1, r24
 6d2:	09 06       	cpc	r0, r25
 6d4:	08 95       	ret

000006d6 <__fp_pscB>:
__fp_pscB():
 6d6:	00 24       	eor	r0, r0
 6d8:	0a 94       	dec	r0
 6da:	12 16       	cp	r1, r18
 6dc:	13 06       	cpc	r1, r19
 6de:	14 06       	cpc	r1, r20
 6e0:	05 06       	cpc	r0, r21
 6e2:	08 95       	ret

000006e4 <__fp_round>:
__fp_round():
 6e4:	09 2e       	mov	r0, r25
 6e6:	03 94       	inc	r0
 6e8:	00 0c       	add	r0, r0
 6ea:	11 f4       	brne	.+4      	; 0x6f0 <__fp_round+0xc>
 6ec:	88 23       	and	r24, r24
 6ee:	52 f0       	brmi	.+20     	; 0x704 <__fp_round+0x20>
 6f0:	bb 0f       	add	r27, r27
 6f2:	40 f4       	brcc	.+16     	; 0x704 <__fp_round+0x20>
 6f4:	bf 2b       	or	r27, r31
 6f6:	11 f4       	brne	.+4      	; 0x6fc <__fp_round+0x18>
 6f8:	60 ff       	sbrs	r22, 0
 6fa:	04 c0       	rjmp	.+8      	; 0x704 <__fp_round+0x20>
 6fc:	6f 5f       	subi	r22, 0xFF	; 255
 6fe:	7f 4f       	sbci	r23, 0xFF	; 255
 700:	8f 4f       	sbci	r24, 0xFF	; 255
 702:	9f 4f       	sbci	r25, 0xFF	; 255
 704:	08 95       	ret

00000706 <__mulsi3>:
__mulsi3():
/home/jenkins-mingw32/workspace/avr-gcc-staging/label/Ubuntu14.04x64-mingw32/gcc-build/avr/avr25/libgcc/../../../../gcc/libgcc/config/avr/lib1funcs.S:445
 706:	ee 27       	eor	r30, r30
/home/jenkins-mingw32/workspace/avr-gcc-staging/label/Ubuntu14.04x64-mingw32/gcc-build/avr/avr25/libgcc/../../../../gcc/libgcc/config/avr/lib1funcs.S:446
 708:	ff 27       	eor	r31, r31

0000070a <__mulsi3_helper>:
__mulsi3_helper():
/home/jenkins-mingw32/workspace/avr-gcc-staging/label/Ubuntu14.04x64-mingw32/gcc-build/avr/avr25/libgcc/../../../../gcc/libgcc/config/avr/lib1funcs.S:451
 70a:	aa 27       	eor	r26, r26
/home/jenkins-mingw32/workspace/avr-gcc-staging/label/Ubuntu14.04x64-mingw32/gcc-build/avr/avr25/libgcc/../../../../gcc/libgcc/config/avr/lib1funcs.S:452
 70c:	bb 27       	eor	r27, r27
/home/jenkins-mingw32/workspace/avr-gcc-staging/label/Ubuntu14.04x64-mingw32/gcc-build/avr/avr25/libgcc/../../../../gcc/libgcc/config/avr/lib1funcs.S:453
 70e:	08 c0       	rjmp	.+16     	; 0x720 <__mulsi3_helper+0x16>
/home/jenkins-mingw32/workspace/avr-gcc-staging/label/Ubuntu14.04x64-mingw32/gcc-build/avr/avr25/libgcc/../../../../gcc/libgcc/config/avr/lib1funcs.S:457
 710:	a2 0f       	add	r26, r18
 712:	b3 1f       	adc	r27, r19
 714:	e4 1f       	adc	r30, r20
 716:	f5 1f       	adc	r31, r21
/home/jenkins-mingw32/workspace/avr-gcc-staging/label/Ubuntu14.04x64-mingw32/gcc-build/avr/avr25/libgcc/../../../../gcc/libgcc/config/avr/lib1funcs.S:460
 718:	22 0f       	add	r18, r18
 71a:	33 1f       	adc	r19, r19
 71c:	44 1f       	adc	r20, r20
 71e:	55 1f       	adc	r21, r21
/home/jenkins-mingw32/workspace/avr-gcc-staging/label/Ubuntu14.04x64-mingw32/gcc-build/avr/avr25/libgcc/../../../../gcc/libgcc/config/avr/lib1funcs.S:463
 720:	96 95       	lsr	r25
 722:	87 95       	ror	r24
 724:	77 95       	ror	r23
 726:	67 95       	ror	r22
/home/jenkins-mingw32/workspace/avr-gcc-staging/label/Ubuntu14.04x64-mingw32/gcc-build/avr/avr25/libgcc/../../../../gcc/libgcc/config/avr/lib1funcs.S:465
 728:	98 f3       	brcs	.-26     	; 0x710 <__mulsi3_helper+0x6>
/home/jenkins-mingw32/workspace/avr-gcc-staging/label/Ubuntu14.04x64-mingw32/gcc-build/avr/avr25/libgcc/../../../../gcc/libgcc/config/avr/lib1funcs.S:467
 72a:	70 40       	sbci	r23, 0x00	; 0
/home/jenkins-mingw32/workspace/avr-gcc-staging/label/Ubuntu14.04x64-mingw32/gcc-build/avr/avr25/libgcc/../../../../gcc/libgcc/config/avr/lib1funcs.S:468
 72c:	a9 f7       	brne	.-22     	; 0x718 <__mulsi3_helper+0xe>
/home/jenkins-mingw32/workspace/avr-gcc-staging/label/Ubuntu14.04x64-mingw32/gcc-build/avr/avr25/libgcc/../../../../gcc/libgcc/config/avr/lib1funcs.S:469
 72e:	00 97       	sbiw	r24, 0x00	; 0
/home/jenkins-mingw32/workspace/avr-gcc-staging/label/Ubuntu14.04x64-mingw32/gcc-build/avr/avr25/libgcc/../../../../gcc/libgcc/config/avr/lib1funcs.S:470
 730:	99 f7       	brne	.-26     	; 0x718 <__mulsi3_helper+0xe>
/home/jenkins-mingw32/workspace/avr-gcc-staging/label/Ubuntu14.04x64-mingw32/gcc-build/avr/avr25/libgcc/../../../../gcc/libgcc/config/avr/lib1funcs.S:473
 732:	bd 01       	movw	r22, r26
/home/jenkins-mingw32/workspace/avr-gcc-staging/label/Ubuntu14.04x64-mingw32/gcc-build/avr/avr25/libgcc/../../../../gcc/libgcc/config/avr/lib1funcs.S:474
 734:	cf 01       	movw	r24, r30
/home/jenkins-mingw32/workspace/avr-gcc-staging/label/Ubuntu14.04x64-mingw32/gcc-build/avr/avr25/libgcc/../../../../gcc/libgcc/config/avr/lib1funcs.S:480
 736:	08 95       	ret

00000738 <__divmodhi4>:
__divmodhi4():
/home/jenkins-mingw32/workspace/avr-gcc-staging/label/Ubuntu14.04x64-mingw32/gcc-build/avr/avr25/libgcc/../../../../gcc/libgcc/config/avr/lib1funcs.S:1440
 738:	97 fb       	bst	r25, 7
/home/jenkins-mingw32/workspace/avr-gcc-staging/label/Ubuntu14.04x64-mingw32/gcc-build/avr/avr25/libgcc/../../../../gcc/libgcc/config/avr/lib1funcs.S:1441
 73a:	07 2e       	mov	r0, r23
/home/jenkins-mingw32/workspace/avr-gcc-staging/label/Ubuntu14.04x64-mingw32/gcc-build/avr/avr25/libgcc/../../../../gcc/libgcc/config/avr/lib1funcs.S:1442
 73c:	16 f4       	brtc	.+4      	; 0x742 <__divmodhi4+0xa>
/home/jenkins-mingw32/workspace/avr-gcc-staging/label/Ubuntu14.04x64-mingw32/gcc-build/avr/avr25/libgcc/../../../../gcc/libgcc/config/avr/lib1funcs.S:1443
 73e:	00 94       	com	r0
/home/jenkins-mingw32/workspace/avr-gcc-staging/label/Ubuntu14.04x64-mingw32/gcc-build/avr/avr25/libgcc/../../../../gcc/libgcc/config/avr/lib1funcs.S:1444
 740:	06 d0       	rcall	.+12     	; 0x74e <__divmodhi4_neg1>
/home/jenkins-mingw32/workspace/avr-gcc-staging/label/Ubuntu14.04x64-mingw32/gcc-build/avr/avr25/libgcc/../../../../gcc/libgcc/config/avr/lib1funcs.S:1446
 742:	77 fd       	sbrc	r23, 7
/home/jenkins-mingw32/workspace/avr-gcc-staging/label/Ubuntu14.04x64-mingw32/gcc-build/avr/avr25/libgcc/../../../../gcc/libgcc/config/avr/lib1funcs.S:1447
 744:	08 d0       	rcall	.+16     	; 0x756 <__divmodhi4_neg2>
/home/jenkins-mingw32/workspace/avr-gcc-staging/label/Ubuntu14.04x64-mingw32/gcc-build/avr/avr25/libgcc/../../../../gcc/libgcc/config/avr/lib1funcs.S:1448
 746:	2d d0       	rcall	.+90     	; 0x7a2 <__udivmodhi4>
/home/jenkins-mingw32/workspace/avr-gcc-staging/label/Ubuntu14.04x64-mingw32/gcc-build/avr/avr25/libgcc/../../../../gcc/libgcc/config/avr/lib1funcs.S:1449
 748:	07 fc       	sbrc	r0, 7
/home/jenkins-mingw32/workspace/avr-gcc-staging/label/Ubuntu14.04x64-mingw32/gcc-build/avr/avr25/libgcc/../../../../gcc/libgcc/config/avr/lib1funcs.S:1450
 74a:	05 d0       	rcall	.+10     	; 0x756 <__divmodhi4_neg2>
/home/jenkins-mingw32/workspace/avr-gcc-staging/label/Ubuntu14.04x64-mingw32/gcc-build/avr/avr25/libgcc/../../../../gcc/libgcc/config/avr/lib1funcs.S:1451
 74c:	3e f4       	brtc	.+14     	; 0x75c <__divmodhi4_exit>

0000074e <__divmodhi4_neg1>:
/home/jenkins-mingw32/workspace/avr-gcc-staging/label/Ubuntu14.04x64-mingw32/gcc-build/avr/avr25/libgcc/../../../../gcc/libgcc/config/avr/lib1funcs.S:1454
 74e:	90 95       	com	r25
/home/jenkins-mingw32/workspace/avr-gcc-staging/label/Ubuntu14.04x64-mingw32/gcc-build/avr/avr25/libgcc/../../../../gcc/libgcc/config/avr/lib1funcs.S:1455
 750:	81 95       	neg	r24
/home/jenkins-mingw32/workspace/avr-gcc-staging/label/Ubuntu14.04x64-mingw32/gcc-build/avr/avr25/libgcc/../../../../gcc/libgcc/config/avr/lib1funcs.S:1456
 752:	9f 4f       	sbci	r25, 0xFF	; 255
/home/jenkins-mingw32/workspace/avr-gcc-staging/label/Ubuntu14.04x64-mingw32/gcc-build/avr/avr25/libgcc/../../../../gcc/libgcc/config/avr/lib1funcs.S:1457
 754:	08 95       	ret

00000756 <__divmodhi4_neg2>:
/home/jenkins-mingw32/workspace/avr-gcc-staging/label/Ubuntu14.04x64-mingw32/gcc-build/avr/avr25/libgcc/../../../../gcc/libgcc/config/avr/lib1funcs.S:1460
 756:	70 95       	com	r23
/home/jenkins-mingw32/workspace/avr-gcc-staging/label/Ubuntu14.04x64-mingw32/gcc-build/avr/avr25/libgcc/../../../../gcc/libgcc/config/avr/lib1funcs.S:1461
 758:	61 95       	neg	r22
/home/jenkins-mingw32/workspace/avr-gcc-staging/label/Ubuntu14.04x64-mingw32/gcc-build/avr/avr25/libgcc/../../../../gcc/libgcc/config/avr/lib1funcs.S:1462
 75a:	7f 4f       	sbci	r23, 0xFF	; 255

0000075c <__divmodhi4_exit>:
/home/jenkins-mingw32/workspace/avr-gcc-staging/label/Ubuntu14.04x64-mingw32/gcc-build/avr/avr25/libgcc/../../../../gcc/libgcc/config/avr/lib1funcs.S:1464
 75c:	08 95       	ret

0000075e <__udivmodsi4>:
__udivmodsi4():
/home/jenkins-mingw32/workspace/avr-gcc-staging/label/Ubuntu14.04x64-mingw32/gcc-build/avr/avr25/libgcc/../../../../gcc/libgcc/config/avr/lib1funcs.S:1638
 75e:	a1 e2       	ldi	r26, 0x21	; 33
/home/jenkins-mingw32/workspace/avr-gcc-staging/label/Ubuntu14.04x64-mingw32/gcc-build/avr/avr25/libgcc/../../../../gcc/libgcc/config/avr/lib1funcs.S:1639
 760:	1a 2e       	mov	r1, r26
/home/jenkins-mingw32/workspace/avr-gcc-staging/label/Ubuntu14.04x64-mingw32/gcc-build/avr/avr25/libgcc/../../../../gcc/libgcc/config/avr/lib1funcs.S:1640
 762:	aa 1b       	sub	r26, r26
/home/jenkins-mingw32/workspace/avr-gcc-staging/label/Ubuntu14.04x64-mingw32/gcc-build/avr/avr25/libgcc/../../../../gcc/libgcc/config/avr/lib1funcs.S:1641
 764:	bb 1b       	sub	r27, r27
/home/jenkins-mingw32/workspace/avr-gcc-staging/label/Ubuntu14.04x64-mingw32/gcc-build/avr/avr25/libgcc/../../../../gcc/libgcc/config/avr/lib1funcs.S:1642
 766:	fd 01       	movw	r30, r26
/home/jenkins-mingw32/workspace/avr-gcc-staging/label/Ubuntu14.04x64-mingw32/gcc-build/avr/avr25/libgcc/../../../../gcc/libgcc/config/avr/lib1funcs.S:1644
 768:	0d c0       	rjmp	.+26     	; 0x784 <__udivmodsi4_ep>

0000076a <__udivmodsi4_loop>:
/home/jenkins-mingw32/workspace/avr-gcc-staging/label/Ubuntu14.04x64-mingw32/gcc-build/avr/avr25/libgcc/../../../../gcc/libgcc/config/avr/lib1funcs.S:1646
 76a:	aa 1f       	adc	r26, r26
/home/jenkins-mingw32/workspace/avr-gcc-staging/label/Ubuntu14.04x64-mingw32/gcc-build/avr/avr25/libgcc/../../../../gcc/libgcc/config/avr/lib1funcs.S:1647
 76c:	bb 1f       	adc	r27, r27
/home/jenkins-mingw32/workspace/avr-gcc-staging/label/Ubuntu14.04x64-mingw32/gcc-build/avr/avr25/libgcc/../../../../gcc/libgcc/config/avr/lib1funcs.S:1648
 76e:	ee 1f       	adc	r30, r30
/home/jenkins-mingw32/workspace/avr-gcc-staging/label/Ubuntu14.04x64-mingw32/gcc-build/avr/avr25/libgcc/../../../../gcc/libgcc/config/avr/lib1funcs.S:1649
 770:	ff 1f       	adc	r31, r31
/home/jenkins-mingw32/workspace/avr-gcc-staging/label/Ubuntu14.04x64-mingw32/gcc-build/avr/avr25/libgcc/../../../../gcc/libgcc/config/avr/lib1funcs.S:1650
 772:	a2 17       	cp	r26, r18
/home/jenkins-mingw32/workspace/avr-gcc-staging/label/Ubuntu14.04x64-mingw32/gcc-build/avr/avr25/libgcc/../../../../gcc/libgcc/config/avr/lib1funcs.S:1651
 774:	b3 07       	cpc	r27, r19
/home/jenkins-mingw32/workspace/avr-gcc-staging/label/Ubuntu14.04x64-mingw32/gcc-build/avr/avr25/libgcc/../../../../gcc/libgcc/config/avr/lib1funcs.S:1652
 776:	e4 07       	cpc	r30, r20
/home/jenkins-mingw32/workspace/avr-gcc-staging/label/Ubuntu14.04x64-mingw32/gcc-build/avr/avr25/libgcc/../../../../gcc/libgcc/config/avr/lib1funcs.S:1653
 778:	f5 07       	cpc	r31, r21
/home/jenkins-mingw32/workspace/avr-gcc-staging/label/Ubuntu14.04x64-mingw32/gcc-build/avr/avr25/libgcc/../../../../gcc/libgcc/config/avr/lib1funcs.S:1654
 77a:	20 f0       	brcs	.+8      	; 0x784 <__udivmodsi4_ep>
/home/jenkins-mingw32/workspace/avr-gcc-staging/label/Ubuntu14.04x64-mingw32/gcc-build/avr/avr25/libgcc/../../../../gcc/libgcc/config/avr/lib1funcs.S:1655
 77c:	a2 1b       	sub	r26, r18
/home/jenkins-mingw32/workspace/avr-gcc-staging/label/Ubuntu14.04x64-mingw32/gcc-build/avr/avr25/libgcc/../../../../gcc/libgcc/config/avr/lib1funcs.S:1656
 77e:	b3 0b       	sbc	r27, r19
/home/jenkins-mingw32/workspace/avr-gcc-staging/label/Ubuntu14.04x64-mingw32/gcc-build/avr/avr25/libgcc/../../../../gcc/libgcc/config/avr/lib1funcs.S:1657
 780:	e4 0b       	sbc	r30, r20
/home/jenkins-mingw32/workspace/avr-gcc-staging/label/Ubuntu14.04x64-mingw32/gcc-build/avr/avr25/libgcc/../../../../gcc/libgcc/config/avr/lib1funcs.S:1658
 782:	f5 0b       	sbc	r31, r21

00000784 <__udivmodsi4_ep>:
/home/jenkins-mingw32/workspace/avr-gcc-staging/label/Ubuntu14.04x64-mingw32/gcc-build/avr/avr25/libgcc/../../../../gcc/libgcc/config/avr/lib1funcs.S:1660
 784:	66 1f       	adc	r22, r22
/home/jenkins-mingw32/workspace/avr-gcc-staging/label/Ubuntu14.04x64-mingw32/gcc-build/avr/avr25/libgcc/../../../../gcc/libgcc/config/avr/lib1funcs.S:1661
 786:	77 1f       	adc	r23, r23
/home/jenkins-mingw32/workspace/avr-gcc-staging/label/Ubuntu14.04x64-mingw32/gcc-build/avr/avr25/libgcc/../../../../gcc/libgcc/config/avr/lib1funcs.S:1662
 788:	88 1f       	adc	r24, r24
/home/jenkins-mingw32/workspace/avr-gcc-staging/label/Ubuntu14.04x64-mingw32/gcc-build/avr/avr25/libgcc/../../../../gcc/libgcc/config/avr/lib1funcs.S:1663
 78a:	99 1f       	adc	r25, r25
/home/jenkins-mingw32/workspace/avr-gcc-staging/label/Ubuntu14.04x64-mingw32/gcc-build/avr/avr25/libgcc/../../../../gcc/libgcc/config/avr/lib1funcs.S:1664
 78c:	1a 94       	dec	r1
/home/jenkins-mingw32/workspace/avr-gcc-staging/label/Ubuntu14.04x64-mingw32/gcc-build/avr/avr25/libgcc/../../../../gcc/libgcc/config/avr/lib1funcs.S:1665
 78e:	69 f7       	brne	.-38     	; 0x76a <__udivmodsi4_loop>
/home/jenkins-mingw32/workspace/avr-gcc-staging/label/Ubuntu14.04x64-mingw32/gcc-build/avr/avr25/libgcc/../../../../gcc/libgcc/config/avr/lib1funcs.S:1667
 790:	60 95       	com	r22
/home/jenkins-mingw32/workspace/avr-gcc-staging/label/Ubuntu14.04x64-mingw32/gcc-build/avr/avr25/libgcc/../../../../gcc/libgcc/config/avr/lib1funcs.S:1668
 792:	70 95       	com	r23
/home/jenkins-mingw32/workspace/avr-gcc-staging/label/Ubuntu14.04x64-mingw32/gcc-build/avr/avr25/libgcc/../../../../gcc/libgcc/config/avr/lib1funcs.S:1669
 794:	80 95       	com	r24
/home/jenkins-mingw32/workspace/avr-gcc-staging/label/Ubuntu14.04x64-mingw32/gcc-build/avr/avr25/libgcc/../../../../gcc/libgcc/config/avr/lib1funcs.S:1670
 796:	90 95       	com	r25
/home/jenkins-mingw32/workspace/avr-gcc-staging/label/Ubuntu14.04x64-mingw32/gcc-build/avr/avr25/libgcc/../../../../gcc/libgcc/config/avr/lib1funcs.S:1672
 798:	9b 01       	movw	r18, r22
/home/jenkins-mingw32/workspace/avr-gcc-staging/label/Ubuntu14.04x64-mingw32/gcc-build/avr/avr25/libgcc/../../../../gcc/libgcc/config/avr/lib1funcs.S:1674
 79a:	ac 01       	movw	r20, r24
/home/jenkins-mingw32/workspace/avr-gcc-staging/label/Ubuntu14.04x64-mingw32/gcc-build/avr/avr25/libgcc/../../../../gcc/libgcc/config/avr/lib1funcs.S:1676
 79c:	bd 01       	movw	r22, r26
/home/jenkins-mingw32/workspace/avr-gcc-staging/label/Ubuntu14.04x64-mingw32/gcc-build/avr/avr25/libgcc/../../../../gcc/libgcc/config/avr/lib1funcs.S:1678
 79e:	cf 01       	movw	r24, r30
/home/jenkins-mingw32/workspace/avr-gcc-staging/label/Ubuntu14.04x64-mingw32/gcc-build/avr/avr25/libgcc/../../../../gcc/libgcc/config/avr/lib1funcs.S:1680
 7a0:	08 95       	ret

000007a2 <__udivmodhi4>:
__udivmodhi4():
/home/jenkins-mingw32/workspace/avr-gcc-staging/label/Ubuntu14.04x64-mingw32/gcc-build/avr/avr25/libgcc/../../../../gcc/libgcc/config/avr/lib1funcs.S:1408
 7a2:	aa 1b       	sub	r26, r26
/home/jenkins-mingw32/workspace/avr-gcc-staging/label/Ubuntu14.04x64-mingw32/gcc-build/avr/avr25/libgcc/../../../../gcc/libgcc/config/avr/lib1funcs.S:1409
 7a4:	bb 1b       	sub	r27, r27
/home/jenkins-mingw32/workspace/avr-gcc-staging/label/Ubuntu14.04x64-mingw32/gcc-build/avr/avr25/libgcc/../../../../gcc/libgcc/config/avr/lib1funcs.S:1410
 7a6:	51 e1       	ldi	r21, 0x11	; 17
/home/jenkins-mingw32/workspace/avr-gcc-staging/label/Ubuntu14.04x64-mingw32/gcc-build/avr/avr25/libgcc/../../../../gcc/libgcc/config/avr/lib1funcs.S:1411
 7a8:	07 c0       	rjmp	.+14     	; 0x7b8 <__udivmodhi4_ep>

000007aa <__udivmodhi4_loop>:
/home/jenkins-mingw32/workspace/avr-gcc-staging/label/Ubuntu14.04x64-mingw32/gcc-build/avr/avr25/libgcc/../../../../gcc/libgcc/config/avr/lib1funcs.S:1413
 7aa:	aa 1f       	adc	r26, r26
/home/jenkins-mingw32/workspace/avr-gcc-staging/label/Ubuntu14.04x64-mingw32/gcc-build/avr/avr25/libgcc/../../../../gcc/libgcc/config/avr/lib1funcs.S:1414
 7ac:	bb 1f       	adc	r27, r27
/home/jenkins-mingw32/workspace/avr-gcc-staging/label/Ubuntu14.04x64-mingw32/gcc-build/avr/avr25/libgcc/../../../../gcc/libgcc/config/avr/lib1funcs.S:1415
 7ae:	a6 17       	cp	r26, r22
/home/jenkins-mingw32/workspace/avr-gcc-staging/label/Ubuntu14.04x64-mingw32/gcc-build/avr/avr25/libgcc/../../../../gcc/libgcc/config/avr/lib1funcs.S:1416
 7b0:	b7 07       	cpc	r27, r23
/home/jenkins-mingw32/workspace/avr-gcc-staging/label/Ubuntu14.04x64-mingw32/gcc-build/avr/avr25/libgcc/../../../../gcc/libgcc/config/avr/lib1funcs.S:1417
 7b2:	10 f0       	brcs	.+4      	; 0x7b8 <__udivmodhi4_ep>
/home/jenkins-mingw32/workspace/avr-gcc-staging/label/Ubuntu14.04x64-mingw32/gcc-build/avr/avr25/libgcc/../../../../gcc/libgcc/config/avr/lib1funcs.S:1418
 7b4:	a6 1b       	sub	r26, r22
/home/jenkins-mingw32/workspace/avr-gcc-staging/label/Ubuntu14.04x64-mingw32/gcc-build/avr/avr25/libgcc/../../../../gcc/libgcc/config/avr/lib1funcs.S:1419
 7b6:	b7 0b       	sbc	r27, r23

000007b8 <__udivmodhi4_ep>:
/home/jenkins-mingw32/workspace/avr-gcc-staging/label/Ubuntu14.04x64-mingw32/gcc-build/avr/avr25/libgcc/../../../../gcc/libgcc/config/avr/lib1funcs.S:1421
 7b8:	88 1f       	adc	r24, r24
/home/jenkins-mingw32/workspace/avr-gcc-staging/label/Ubuntu14.04x64-mingw32/gcc-build/avr/avr25/libgcc/../../../../gcc/libgcc/config/avr/lib1funcs.S:1422
 7ba:	99 1f       	adc	r25, r25
/home/jenkins-mingw32/workspace/avr-gcc-staging/label/Ubuntu14.04x64-mingw32/gcc-build/avr/avr25/libgcc/../../../../gcc/libgcc/config/avr/lib1funcs.S:1423
 7bc:	5a 95       	dec	r21
/home/jenkins-mingw32/workspace/avr-gcc-staging/label/Ubuntu14.04x64-mingw32/gcc-build/avr/avr25/libgcc/../../../../gcc/libgcc/config/avr/lib1funcs.S:1424
 7be:	a9 f7       	brne	.-22     	; 0x7aa <__udivmodhi4_loop>
/home/jenkins-mingw32/workspace/avr-gcc-staging/label/Ubuntu14.04x64-mingw32/gcc-build/avr/avr25/libgcc/../../../../gcc/libgcc/config/avr/lib1funcs.S:1425
 7c0:	80 95       	com	r24
/home/jenkins-mingw32/workspace/avr-gcc-staging/label/Ubuntu14.04x64-mingw32/gcc-build/avr/avr25/libgcc/../../../../gcc/libgcc/config/avr/lib1funcs.S:1426
 7c2:	90 95       	com	r25
/home/jenkins-mingw32/workspace/avr-gcc-staging/label/Ubuntu14.04x64-mingw32/gcc-build/avr/avr25/libgcc/../../../../gcc/libgcc/config/avr/lib1funcs.S:1428
 7c4:	bc 01       	movw	r22, r24
/home/jenkins-mingw32/workspace/avr-gcc-staging/label/Ubuntu14.04x64-mingw32/gcc-build/avr/avr25/libgcc/../../../../gcc/libgcc/config/avr/lib1funcs.S:1430
 7c6:	cd 01       	movw	r24, r26
/home/jenkins-mingw32/workspace/avr-gcc-staging/label/Ubuntu14.04x64-mingw32/gcc-build/avr/avr25/libgcc/../../../../gcc/libgcc/config/avr/lib1funcs.S:1432
 7c8:	08 95       	ret

000007ca <_exit>:
exit():
/home/jenkins-mingw32/workspace/avr-gcc-staging/label/Ubuntu14.04x64-mingw32/gcc-build/avr/avr25/libgcc/../../../../gcc/libgcc/config/avr/lib1funcs.S:2278
 7ca:	f8 94       	cli

000007cc <__stop_program>:
__stop_program():
/home/jenkins-mingw32/workspace/avr-gcc-staging/label/Ubuntu14.04x64-mingw32/gcc-build/avr/avr25/libgcc/../../../../gcc/libgcc/config/avr/lib1funcs.S:2280
 7cc:	ff cf       	rjmp	.-2      	; 0x7cc <__stop_program>
